#
# A fatal error has been detected by the Java Runtime Environment:
#
#  SIGSEGV (0xb) at pc=0x00007f2c4aa1a634, pid=20589, tid=139827408992000
#
# JRE version: 7.0_21-b11
# Java VM: Java HotSpot(TM) 64-Bit Server VM (23.21-b01 mixed mode linux-amd64 compressed oops)
# Problematic frame:
# C  [libgdx64.so+0x22634]  b2BlockAllocator::Allocate(int)+0x54
#
# Failed to write core dump. Core dumps have been disabled. To enable core dumping, try "ulimit -c unlimited" before starting Java again
#
# If you would like to submit a bug report, please visit:
#   http://bugreport.sun.com/bugreport/crash.jsp
# The crash happened outside the Java Virtual Machine in native code.
# See problematic frame for where to report the bug.
#

---------------  T H R E A D  ---------------

Current thread (0x00007f2c5c323000):  JavaThread "LWJGL Application" [_thread_in_native, id=20613, stack(0x00007f2c1afaf000,0x00007f2c1b0b0000)]

siginfo:si_signo=SIGSEGV: si_errno=0, si_code=1 (SEGV_MAPERR), si_addr=0x00007f2e05423c50

Registers:
RAX=0x0000000000000008, RBX=0x00007f2c0444c570, RCX=0x00007f2e05423c50, RDX=0x00007f2c0444c570
RSP=0x00007f2c1b0ae180, RBP=0x0000000000000006, RSI=0x00000000000000b8, RDI=0x00007f2c0444c570
R8 =0x0000000000000001, R9 =0x0000000000000001, R10=0x0000000000000000, R11=0x00007f2c61b241a0
R12=0x0000000000000000, R13=0x00000000c62c4a48, R14=0x00007f2c1b0ae398, R15=0x00007f2c5c323000
RIP=0x00007f2c4aa1a634, EFLAGS=0x0000000000010206, CSGSFS=0x0000000000000033, ERR=0x0000000000000004
  TRAPNO=0x000000000000000e

Top of Stack: (sp=0x00007f2c1b0ae180)
0x00007f2c1b0ae180:   00007f2c0444c570 00007f2c1b0ae1d0
0x00007f2c1b0ae190:   0000000000000000 00007f2c4aa2f5b7
0x00007f2c1b0ae1a0:   00007f2c58dea48c 00007f2c1b0ae398
0x00007f2c1b0ae1b0:   00007f2c0444c570 00000000c62c4a48
0x00007f2c1b0ae1c0:   00007f2c1b0ae2f0 00007f2c4aa3773f
0x00007f2c1b0ae1d0:   0000000000000002 0000000000000000
0x00007f2c1b0ae1e0:   0000000000000000 0000000000000000
0x00007f2c1b0ae1f0:   0000010100000000 0000000000000001
0x00007f2c1b0ae200:   0000000000000000 000000003f800000
0x00007f2c1b0ae210:   0000000000000000 00007f2c58df6f90
0x00007f2c1b0ae220:   0000000000000000 0000000000000000
0x00007f2c1b0ae230:   0000000000000001 000000003f800000
0x00007f2c1b0ae240:   00007f2c58deb158 00000000eee9ebc0
0x00007f2c1b0ae250:   00007f2c1b0ae250 00000000c62edcc9
0x00007f2c1b0ae260:   00007f2c1b0ae2a0 00000000c62edfd0
0x00007f2c1b0ae270:   0000000000000000 00000000c62edcf8
0x00007f2c1b0ae280:   0000000000000000 00007f2c1b0ae2a0
0x00007f2c1b0ae290:   00007f2c1b0ae2f8 00007f2c58deb158
0x00007f2c1b0ae2a0:   00000000eee9ebc0 00000000eee9ebc0
0x00007f2c1b0ae2b0:   00007f2c1b0ae2b0 00000000c62c4a48
0x00007f2c1b0ae2c0:   00007f2c1b0ae398 00000000c62d7fe8
0x00007f2c1b0ae2d0:   0000000000000000 00000000c62c4a48
0x00007f2c1b0ae2e0:   0000000000000000 00007f2c1b0ae310
0x00007f2c1b0ae2f0:   00007f2c1b0ae3e0 00007f2c58deb275
0x00007f2c1b0ae300:   0000000000000000 00007f2c58df3dd7
0x00007f2c1b0ae310:   000000003f800000 0000000000000001
0x00007f2c1b0ae320:   0000000000000000 0000000000000000
0x00007f2c1b0ae330:   0000000000000001 0000000000000001
0x00007f2c1b0ae340:   00007f2c00000000 0000000000000000
0x00007f2c1b0ae350:   0000000000000000 0000000000000000
0x00007f2c1b0ae360:   0000000000000000 00007f2c00000000
0x00007f2c1b0ae370:   00007f2c00000000 00007f2c00000000 

Instructions: (pc=0x00007f2c4aa1a634)
0x00007f2c4aa1a614:   48 63 f6 0f b6 2c 30 83 fd 0d 0f 87 b0 01 00 00
0x00007f2c4aa1a624:   48 63 ed 48 8d 45 02 48 8b 0c c7 48 85 c9 74 44
0x00007f2c4aa1a634:   48 8b 11 48 89 14 c7 48 89 c8 48 8b 1c 24 48 8b
0x00007f2c4aa1a644:   6c 24 08 4c 8b 64 24 10 48 83 c4 18 c3 0f 1f 80 

Register to memory mapping:

RAX=0x0000000000000008 is an unknown value
RBX=0x00007f2c0444c570 is an unknown value
RCX=0x00007f2e05423c50 is an unknown value
RDX=0x00007f2c0444c570 is an unknown value
RSP=0x00007f2c1b0ae180 is pointing into the stack for thread: 0x00007f2c5c323000
RBP=0x0000000000000006 is an unknown value
RSI=0x00000000000000b8 is an unknown value
RDI=0x00007f2c0444c570 is an unknown value
R8 =0x0000000000000001 is an unknown value
R9 =0x0000000000000001 is an unknown value
R10=0x0000000000000000 is an unknown value
R11=0x00007f2c61b241a0: <offset 0x7d11a0> in /usr/lib/jvm/java-7-oracle/jre/lib/amd64/server/libjvm.so at 0x00007f2c61353000
R12=0x0000000000000000 is an unknown value
R13=0x00000000c62c4a48 is an oop
{method} 
 - klass: {other class}
R14=0x00007f2c1b0ae398 is pointing into the stack for thread: 0x00007f2c5c323000
R15=0x00007f2c5c323000 is a thread


Stack: [0x00007f2c1afaf000,0x00007f2c1b0b0000],  sp=0x00007f2c1b0ae180,  free space=1020k
Native frames: (J=compiled Java code, j=interpreted, Vv=VM code, C=native code)
C  [libgdx64.so+0x22634]  b2BlockAllocator::Allocate(int)+0x54

Java frames: (J=compiled Java code, j=interpreted, Vv=VM code)
j  com.badlogic.gdx.physics.box2d.World.jniCreateBody(JIFFFFFFFFZZZZZF)J+0
j  com.badlogic.gdx.physics.box2d.World.createBody(Lcom/badlogic/gdx/physics/box2d/BodyDef;)Lcom/badlogic/gdx/physics/box2d/Body;+80
j  com.hajnar.GravityShip.GameObjects.GameObject.<init>(Lcom/badlogic/gdx/physics/box2d/World;Lcom/badlogic/gdx/physics/box2d/BodyDef$BodyType;IFFF)V+43
j  com.hajnar.GravityShip.GameObjects.Bullet.<init>(Lcom/badlogic/gdx/physics/box2d/World;FFLcom/badlogic/gdx/math/Vector2;)V+9
j  com.hajnar.GravityShip.GameWorld$1.newObject()Lcom/hajnar/GravityShip/GameObjects/Bullet;+22
j  com.hajnar.GravityShip.GameWorld$1.newObject()Ljava/lang/Object;+1
j  com.badlogic.gdx.utils.Pool.obtain()Ljava/lang/Object;+11
j  com.hajnar.GravityShip.GameWorld.updateCanons()V+86
j  com.hajnar.GravityShip.GameWorld.update(F)V+55
j  com.hajnar.GravityShip.Screens.GameScreen.render(F)V+16
j  com.hajnar.GravityShip.GravityShip.render()V+12
j  com.badlogic.gdx.backends.lwjgl.LwjglApplication.mainLoop()V+491
j  com.badlogic.gdx.backends.lwjgl.LwjglApplication$1.run()V+27
v  ~StubRoutines::call_stub

---------------  P R O C E S S  ---------------

Java Threads: ( => current thread )
  0x00007f2c0400f800 JavaThread "process reaper" daemon [_thread_blocked, id=20615, stack(0x00007f2c5009d000,0x00007f2c500c5000)]
  0x00007f2c5c009000 JavaThread "DestroyJavaVM" [_thread_blocked, id=20592, stack(0x00007f2c62b74000,0x00007f2c62c75000)]
=>0x00007f2c5c323000 JavaThread "LWJGL Application" [_thread_in_native, id=20613, stack(0x00007f2c1afaf000,0x00007f2c1b0b0000)]
  0x00007f2c5c281000 JavaThread "AWT-XAWT" daemon [_thread_in_native, id=20609, stack(0x00007f2c49fcd000,0x00007f2c4a0ce000)]
  0x00007f2c5c249000 JavaThread "Java2D Disposer" daemon [_thread_blocked, id=20608, stack(0x00007f2c500ee000,0x00007f2c501ef000)]
  0x00007f2c5c0f1800 JavaThread "Service Thread" daemon [_thread_blocked, id=20606, stack(0x00007f2c50817000,0x00007f2c50918000)]
  0x00007f2c5c0ef000 JavaThread "C2 CompilerThread1" daemon [_thread_blocked, id=20605, stack(0x00007f2c50918000,0x00007f2c50a19000)]
  0x00007f2c5c0ec800 JavaThread "C2 CompilerThread0" daemon [_thread_blocked, id=20604, stack(0x00007f2c50a19000,0x00007f2c50b1a000)]
  0x00007f2c5c0ea000 JavaThread "Signal Dispatcher" daemon [_thread_blocked, id=20603, stack(0x00007f2c50b1a000,0x00007f2c50c1b000)]
  0x00007f2c5c09c000 JavaThread "Finalizer" daemon [_thread_blocked, id=20602, stack(0x00007f2c50f01000,0x00007f2c51002000)]
  0x00007f2c5c09a000 JavaThread "Reference Handler" daemon [_thread_blocked, id=20601, stack(0x00007f2c51002000,0x00007f2c51103000)]

Other Threads:
  0x00007f2c5c092800 VMThread [stack: 0x00007f2c51103000,0x00007f2c51204000] [id=20600]
  0x00007f2c5c104000 WatcherThread [stack: 0x00007f2c50716000,0x00007f2c50817000] [id=20607]

VM state:not at safepoint (normal execution)

VM Mutex/Monitor currently owned by a thread: None

Heap
 PSYoungGen      total 15936K, used 13234K [0x00000000ee400000, 0x00000000ef5c0000, 0x0000000100000000)
  eden space 13696K, 80% used [0x00000000ee400000,0x00000000eeec0300,0x00000000ef160000)
  from space 2240K, 99% used [0x00000000ef160000,0x00000000ef38c798,0x00000000ef390000)
  to   space 2240K, 0% used [0x00000000ef390000,0x00000000ef390000,0x00000000ef5c0000)
 ParOldGen       total 36352K, used 919K [0x00000000cac00000, 0x00000000ccf80000, 0x00000000ee400000)
  object space 36352K, 2% used [0x00000000cac00000,0x00000000cace5f58,0x00000000ccf80000)
 PSPermGen       total 21248K, used 9488K [0x00000000c5a00000, 0x00000000c6ec0000, 0x00000000cac00000)
  object space 21248K, 44% used [0x00000000c5a00000,0x00000000c63443f8,0x00000000c6ec0000)

Card table byte_map: [0x00007f2c58c11000,0x00007f2c58de5000] byte_map_base: 0x00007f2c585e4000

Polling page: 0x00007f2c62c9a000

Code Cache  [0x00007f2c58de5000, 0x00007f2c59055000, 0x00007f2c5bde5000)
 total_blobs=740 nmethods=223 adapters=469 free_code_cache=47995Kb largest_free_block=49112960

Compilation events (10 events):
Event: 9,003 Thread 0x00007f2c5c0ef000  211             com.badlogic.gdx.math.Vector2::mul (22 bytes)
Event: 9,004 Thread 0x00007f2c5c0ef000 nmethod 211 0x00007f2c58f01cd0 code [0x00007f2c58f01e00, 0x00007f2c58f01e58]
Event: 9,287 Thread 0x00007f2c5c0ec800  212             org.lwjgl.opengl.LinuxMouse::poll (106 bytes)
Event: 9,295 Thread 0x00007f2c5c0ec800 nmethod 212 0x00007f2c58efa050 code [0x00007f2c58efa1c0, 0x00007f2c58efa518]
Event: 9,504 Thread 0x00007f2c5c0ef000  213             com.badlogic.gdx.graphics.g2d.TextureRegion::getRegionWidth (5 bytes)
Event: 9,504 Thread 0x00007f2c5c0ec800  214             com.badlogic.gdx.graphics.g2d.TextureRegion::getRegionHeight (5 bytes)
Event: 9,504 Thread 0x00007f2c5c0ef000 nmethod 213 0x00007f2c58f08750 code [0x00007f2c58f08880, 0x00007f2c58f088d8]
Event: 9,504 Thread 0x00007f2c5c0ec800 nmethod 214 0x00007f2c58ef9e50 code [0x00007f2c58ef9f80, 0x00007f2c58ef9fd8]
Event: 9,520 Thread 0x00007f2c5c0ef000  215             com.hajnar.GravityShip.GameObjects.GameObject::getBody (5 bytes)
Event: 9,520 Thread 0x00007f2c5c0ef000 nmethod 215 0x00007f2c58ef9c50 code [0x00007f2c58ef9d80, 0x00007f2c58ef9dd8]

GC Heap History (2 events):
Event: 1,010 GC heap before
{Heap before GC invocations=1 (full 0):
 PSYoungGen      total 15936K, used 13439K [0x00000000ee400000, 0x00000000ef5c0000, 0x0000000100000000)
  eden space 13696K, 98% used [0x00000000ee400000,0x00000000ef11fcd0,0x00000000ef160000)
  from space 2240K, 0% used [0x00000000ef390000,0x00000000ef390000,0x00000000ef5c0000)
  to   space 2240K, 0% used [0x00000000ef160000,0x00000000ef160000,0x00000000ef390000)
 ParOldGen       total 36352K, used 0K [0x00000000cac00000, 0x00000000ccf80000, 0x00000000ee400000)
  object space 36352K, 0% used [0x00000000cac00000,0x00000000cac00000,0x00000000ccf80000)
 PSPermGen       total 21248K, used 7922K [0x00000000c5a00000, 0x00000000c6ec0000, 0x00000000cac00000)
  object space 21248K, 37% used [0x00000000c5a00000,0x00000000c61bcae8,0x00000000c6ec0000)
Event: 1,014 GC heap after
Heap after GC invocations=1 (full 0):
 PSYoungGen      total 15936K, used 2225K [0x00000000ee400000, 0x00000000ef5c0000, 0x0000000100000000)
  eden space 13696K, 0% used [0x00000000ee400000,0x00000000ee400000,0x00000000ef160000)
  from space 2240K, 99% used [0x00000000ef160000,0x00000000ef38c798,0x00000000ef390000)
  to   space 2240K, 0% used [0x00000000ef390000,0x00000000ef390000,0x00000000ef5c0000)
 ParOldGen       total 36352K, used 919K [0x00000000cac00000, 0x00000000ccf80000, 0x00000000ee400000)
  object space 36352K, 2% used [0x00000000cac00000,0x00000000cace5f58,0x00000000ccf80000)
 PSPermGen       total 21248K, used 7922K [0x00000000c5a00000, 0x00000000c6ec0000, 0x00000000cac00000)
  object space 21248K, 37% used [0x00000000c5a00000,0x00000000c61bcae8,0x00000000c6ec0000)
}

Deoptimization events (0 events):
No events

Internal exceptions (10 events):
Event: 1,579 Thread 0x00007f2c5c323000 Threw 0x00000000eed422e0 at /HUDSON/workspace/jdk7u21-2-build-linux-amd64-product/jdk7u21/hotspot/src/share/vm/prims/jvm.cpp:1166
Event: 1,579 Thread 0x00007f2c5c323000 Threw 0x00000000eed46818 at /HUDSON/workspace/jdk7u21-2-build-linux-amd64-product/jdk7u21/hotspot/src/share/vm/prims/jvm.cpp:1166
Event: 2,196 Thread 0x00007f2c5c323000 Threw 0x00000000eed4bc98 at /HUDSON/workspace/jdk7u21-2-build-linux-amd64-product/jdk7u21/hotspot/src/share/vm/prims/jvm.cpp:1166
Event: 2,218 Thread 0x00007f2c5c323000 Threw 0x00000000eedc3848 at /HUDSON/workspace/jdk7u21-2-build-linux-amd64-product/jdk7u21/hotspot/src/share/vm/prims/jvm.cpp:1166
Event: 2,229 Thread 0x00007f2c5c323000 Threw 0x00000000eedceeb0 at /HUDSON/workspace/jdk7u21-2-build-linux-amd64-product/jdk7u21/hotspot/src/share/vm/prims/jvm.cpp:1166
Event: 2,244 Thread 0x00007f2c5c323000 Threw 0x00000000eedda980 at /HUDSON/workspace/jdk7u21-2-build-linux-amd64-product/jdk7u21/hotspot/src/share/vm/prims/jvm.cpp:1166
Event: 2,810 Thread 0x00007f2c5c323000 Threw 0x00000000eedeaba8 at /HUDSON/workspace/jdk7u21-2-build-linux-amd64-product/jdk7u21/hotspot/src/share/vm/prims/jvm.cpp:1166
Event: 2,814 Thread 0x00007f2c5c323000 Threw 0x00000000eedf49b8 at /HUDSON/workspace/jdk7u21-2-build-linux-amd64-product/jdk7u21/hotspot/src/share/vm/prims/jvm.cpp:1166
Event: 2,821 Thread 0x00007f2c5c323000 Threw 0x00000000eedfcb88 at /HUDSON/workspace/jdk7u21-2-build-linux-amd64-product/jdk7u21/hotspot/src/share/vm/prims/jvm.cpp:1166
Event: 3,680 Thread 0x00007f2c5c323000 Threw 0x00000000eee26270 at /HUDSON/workspace/jdk7u21-2-build-linux-amd64-product/jdk7u21/hotspot/src/share/vm/prims/jvm.cpp:1166

Events (10 events):
Event: 2,810 loading class 0x00007f2c0403ddf0
Event: 2,810 loading class 0x00007f2c0403ddf0 done
Event: 2,813 loading class 0x00007f2c5c30aa50
Event: 2,813 loading class 0x00007f2c5c30aa50 done
Event: 2,821 loading class 0x00007f2c0472d170
Event: 2,821 loading class 0x00007f2c0472d170 done
Event: 3,680 loading class 0x00007f2c0478c130
Event: 3,680 loading class 0x00007f2c0478c130 done
Event: 4,050 Executing VM operation: EnableBiasedLocking
Event: 4,050 Executing VM operation: EnableBiasedLocking done


Dynamic libraries:
00400000-00401000 r-xp 00000000 08:05 1966523                            /usr/lib/jvm/java-7-oracle/bin/java
00600000-00601000 rw-p 00000000 08:05 1966523                            /usr/lib/jvm/java-7-oracle/bin/java
00c35000-00c56000 rw-p 00000000 00:00 0                                  [heap]
c5a00000-c6ec0000 rw-p 00000000 00:00 0 
c6ec0000-cac00000 rw-p 00000000 00:00 0 
cac00000-ccf80000 rw-p 00000000 00:00 0 
ccf80000-ee400000 rw-p 00000000 00:00 0 
ee400000-ef5c0000 rw-p 00000000 00:00 0 
ef5c0000-100000000 rw-p 00000000 00:00 0 
7f2bf8000000-7f2bf8021000 rw-p 00000000 00:00 0 
7f2bf8021000-7f2bfc000000 ---p 00000000 00:00 0 
7f2c00000000-7f2c00021000 rw-p 00000000 00:00 0 
7f2c00021000-7f2c04000000 ---p 00000000 00:00 0 
7f2c04000000-7f2c056fb000 rw-p 00000000 00:00 0 
7f2c056fb000-7f2c08000000 ---p 00000000 00:00 0 
7f2c08000000-7f2c08021000 rw-p 00000000 00:00 0 
7f2c08021000-7f2c0c000000 ---p 00000000 00:00 0 
7f2c0e19e000-7f2c0e79e000 rw-s 106f00000 00:05 1521                      /dev/dri/card0
7f2c0e79e000-7f2c0e7c1000 r-xp 00000000 08:05 1715675                    /tmp/libgdxjaha/3111854029/libgdx-controllers-desktop64.so
7f2c0e7c1000-7f2c0e9c1000 ---p 00023000 08:05 1715675                    /tmp/libgdxjaha/3111854029/libgdx-controllers-desktop64.so
7f2c0e9c1000-7f2c0e9c2000 r--p 00023000 08:05 1715675                    /tmp/libgdxjaha/3111854029/libgdx-controllers-desktop64.so
7f2c0e9c2000-7f2c0e9c3000 rw-p 00024000 08:05 1715675                    /tmp/libgdxjaha/3111854029/libgdx-controllers-desktop64.so
7f2c0e9c3000-7f2c0eb43000 rw-s 106d80000 00:05 1521                      /dev/dri/card0
7f2c0eb43000-7f2c0ecc3000 rw-s 106ba0000 00:05 1521                      /dev/dri/card0
7f2c0ecc3000-7f2c0f2c3000 rw-s 1081e4000 00:05 1521                      /dev/dri/card0
7f2c0f2c3000-7f2c0f8c3000 rw-s 107be4000 00:05 1521                      /dev/dri/card0
7f2c0f8c3000-7f2c0fbc3000 rw-s 1078e4000 00:05 1521                      /dev/dri/card0
7f2c0fc44000-7f2c0fdc4000 rw-s 106a20000 00:05 1521                      /dev/dri/card0
7f2c0fdc4000-7f2c0ffff000 rw-p 00000000 00:00 0 
7f2c0ffff000-7f2c14000000 rw-s 00000000 00:13 374474                     /run/shm/pulse-shm-35703257
7f2c14000000-7f2c14021000 rw-p 00000000 00:00 0 
7f2c14021000-7f2c18000000 ---p 00000000 00:00 0 
7f2c180c8000-7f2c18dcd000 rw-p 00000000 00:00 0 
7f2c18dcd000-7f2c18dff000 r-xp 00000000 08:05 1840752                    /usr/lib/x86_64-linux-gnu/libtxc_dxtn_s2tc.so.0.0.0
7f2c18dff000-7f2c18ffe000 ---p 00032000 08:05 1840752                    /usr/lib/x86_64-linux-gnu/libtxc_dxtn_s2tc.so.0.0.0
7f2c18ffe000-7f2c18fff000 r--p 00031000 08:05 1840752                    /usr/lib/x86_64-linux-gnu/libtxc_dxtn_s2tc.so.0.0.0
7f2c18fff000-7f2c19000000 rw-p 00032000 08:05 1840752                    /usr/lib/x86_64-linux-gnu/libtxc_dxtn_s2tc.so.0.0.0
7f2c19000000-7f2c19016000 r-xp 00000000 08:05 397125                     /lib/x86_64-linux-gnu/libz.so.1.2.7
7f2c19016000-7f2c19215000 ---p 00016000 08:05 397125                     /lib/x86_64-linux-gnu/libz.so.1.2.7
7f2c19215000-7f2c19216000 r--p 00015000 08:05 397125                     /lib/x86_64-linux-gnu/libz.so.1.2.7
7f2c19216000-7f2c19217000 rw-p 00016000 08:05 397125                     /lib/x86_64-linux-gnu/libz.so.1.2.7
7f2c19217000-7f2c1921f000 r-xp 00000000 08:05 1843732                    /usr/lib/x86_64-linux-gnu/libpciaccess.so.0.11.1
7f2c1921f000-7f2c1941e000 ---p 00008000 08:05 1843732                    /usr/lib/x86_64-linux-gnu/libpciaccess.so.0.11.1
7f2c1941e000-7f2c1941f000 r--p 00007000 08:05 1843732                    /usr/lib/x86_64-linux-gnu/libpciaccess.so.0.11.1
7f2c1941f000-7f2c19420000 rw-p 00008000 08:05 1843732                    /usr/lib/x86_64-linux-gnu/libpciaccess.so.0.11.1
7f2c19420000-7f2c1943f000 r-xp 00000000 08:05 1836303                    /usr/lib/x86_64-linux-gnu/libdrm_intel.so.1.0.0
7f2c1943f000-7f2c1963e000 ---p 0001f000 08:05 1836303                    /usr/lib/x86_64-linux-gnu/libdrm_intel.so.1.0.0
7f2c1963e000-7f2c1963f000 r--p 0001e000 08:05 1836303                    /usr/lib/x86_64-linux-gnu/libdrm_intel.so.1.0.0
7f2c1963f000-7f2c19640000 rw-p 0001f000 08:05 1836303                    /usr/lib/x86_64-linux-gnu/libdrm_intel.so.1.0.0
7f2c19640000-7f2c19666000 r-xp 00000000 08:05 397094                     /lib/x86_64-linux-gnu/libexpat.so.1.6.0
7f2c19666000-7f2c19866000 ---p 00026000 08:05 397094                     /lib/x86_64-linux-gnu/libexpat.so.1.6.0
7f2c19866000-7f2c19868000 r--p 00026000 08:05 397094                     /lib/x86_64-linux-gnu/libexpat.so.1.6.0
7f2c19868000-7f2c19869000 rw-p 00028000 08:05 397094                     /lib/x86_64-linux-gnu/libexpat.so.1.6.0
7f2c19869000-7f2c19c06000 r-xp 00000000 08:05 1844070                    /usr/lib/x86_64-linux-gnu/libdricore9.1.1.so.1.0.0
7f2c19c06000-7f2c19e05000 ---p 0039d000 08:05 1844070                    /usr/lib/x86_64-linux-gnu/libdricore9.1.1.so.1.0.0
7f2c19e05000-7f2c19e16000 r--p 0039c000 08:05 1844070                    /usr/lib/x86_64-linux-gnu/libdricore9.1.1.so.1.0.0
7f2c19e16000-7f2c19e20000 rw-p 003ad000 08:05 1844070                    /usr/lib/x86_64-linux-gnu/libdricore9.1.1.so.1.0.0
7f2c19e20000-7f2c19e37000 rw-p 00000000 00:00 0 
7f2c19e37000-7f2c19ef8000 r-xp 00000000 08:05 1943                       /usr/lib/x86_64-linux-gnu/dri/i965_dri.so
7f2c19ef8000-7f2c1a0f8000 ---p 000c1000 08:05 1943                       /usr/lib/x86_64-linux-gnu/dri/i965_dri.so
7f2c1a0f8000-7f2c1a0fb000 r--p 000c1000 08:05 1943                       /usr/lib/x86_64-linux-gnu/dri/i965_dri.so
7f2c1a0fb000-7f2c1a0fd000 rw-p 000c4000 08:05 1943                       /usr/lib/x86_64-linux-gnu/dri/i965_dri.so
7f2c1a0fd000-7f2c1a0fe000 rw-p 00000000 00:00 0 
7f2c1a0fe000-7f2c1a108000 r-xp 00000000 08:05 1835709                    /usr/lib/x86_64-linux-gnu/libdrm.so.2.4.0
7f2c1a108000-7f2c1a307000 ---p 0000a000 08:05 1835709                    /usr/lib/x86_64-linux-gnu/libdrm.so.2.4.0
7f2c1a307000-7f2c1a308000 r--p 00009000 08:05 1835709                    /usr/lib/x86_64-linux-gnu/libdrm.so.2.4.0
7f2c1a308000-7f2c1a309000 rw-p 0000a000 08:05 1835709                    /usr/lib/x86_64-linux-gnu/libdrm.so.2.4.0
7f2c1a309000-7f2c1a30c000 r-xp 00000000 08:05 1835356                    /usr/lib/x86_64-linux-gnu/libxcb-dri2.so.0.0.0
7f2c1a30c000-7f2c1a50c000 ---p 00003000 08:05 1835356                    /usr/lib/x86_64-linux-gnu/libxcb-dri2.so.0.0.0
7f2c1a50c000-7f2c1a50d000 r--p 00003000 08:05 1835356                    /usr/lib/x86_64-linux-gnu/libxcb-dri2.so.0.0.0
7f2c1a50d000-7f2c1a50e000 rw-p 00004000 08:05 1835356                    /usr/lib/x86_64-linux-gnu/libxcb-dri2.so.0.0.0
7f2c1a50e000-7f2c1a523000 r-xp 00000000 08:05 1835112                    /usr/lib/x86_64-linux-gnu/libxcb-glx.so.0.0.0
7f2c1a523000-7f2c1a722000 ---p 00015000 08:05 1835112                    /usr/lib/x86_64-linux-gnu/libxcb-glx.so.0.0.0
7f2c1a722000-7f2c1a724000 r--p 00014000 08:05 1835112                    /usr/lib/x86_64-linux-gnu/libxcb-glx.so.0.0.0
7f2c1a724000-7f2c1a725000 rw-p 00016000 08:05 1835112                    /usr/lib/x86_64-linux-gnu/libxcb-glx.so.0.0.0
7f2c1a725000-7f2c1a726000 r-xp 00000000 08:05 1835108                    /usr/lib/x86_64-linux-gnu/libX11-xcb.so.1.0.0
7f2c1a726000-7f2c1a925000 ---p 00001000 08:05 1835108                    /usr/lib/x86_64-linux-gnu/libX11-xcb.so.1.0.0
7f2c1a925000-7f2c1a926000 r--p 00000000 08:05 1835108                    /usr/lib/x86_64-linux-gnu/libX11-xcb.so.1.0.0
7f2c1a926000-7f2c1a927000 rw-p 00001000 08:05 1835108                    /usr/lib/x86_64-linux-gnu/libX11-xcb.so.1.0.0
7f2c1a927000-7f2c1a929000 r-xp 00000000 08:05 1843193                    /usr/lib/x86_64-linux-gnu/libXdamage.so.1.1.0
7f2c1a929000-7f2c1ab28000 ---p 00002000 08:05 1843193                    /usr/lib/x86_64-linux-gnu/libXdamage.so.1.1.0
7f2c1ab28000-7f2c1ab29000 r--p 00001000 08:05 1843193                    /usr/lib/x86_64-linux-gnu/libXdamage.so.1.1.0
7f2c1ab29000-7f2c1ab2a000 rw-p 00002000 08:05 1843193                    /usr/lib/x86_64-linux-gnu/libXdamage.so.1.1.0
7f2c1ab2a000-7f2c1ab4b000 r-xp 00000000 08:05 1835145                    /usr/lib/x86_64-linux-gnu/libglapi.so.0.0.0
7f2c1ab4b000-7f2c1ad4b000 ---p 00021000 08:05 1835145                    /usr/lib/x86_64-linux-gnu/libglapi.so.0.0.0
7f2c1ad4b000-7f2c1ad4e000 r--p 00021000 08:05 1835145                    /usr/lib/x86_64-linux-gnu/libglapi.so.0.0.0
7f2c1ad4e000-7f2c1ad4f000 rw-p 00024000 08:05 1835145                    /usr/lib/x86_64-linux-gnu/libglapi.so.0.0.0
7f2c1ad4f000-7f2c1ad50000 rw-p 00000000 00:00 0 
7f2c1ad50000-7f2c1adab000 r-xp 00000000 08:05 27                         /usr/lib/x86_64-linux-gnu/mesa/libGL.so.1.2.0
7f2c1adab000-7f2c1afab000 ---p 0005b000 08:05 27                         /usr/lib/x86_64-linux-gnu/mesa/libGL.so.1.2.0
7f2c1afab000-7f2c1afad000 r--p 0005b000 08:05 27                         /usr/lib/x86_64-linux-gnu/mesa/libGL.so.1.2.0
7f2c1afad000-7f2c1afae000 rw-p 0005d000 08:05 27                         /usr/lib/x86_64-linux-gnu/mesa/libGL.so.1.2.0
7f2c1afae000-7f2c1afaf000 rw-p 00000000 00:00 0 
7f2c1afaf000-7f2c1afb2000 ---p 00000000 00:00 0 
7f2c1afb2000-7f2c1b0b0000 rw-p 00000000 00:00 0                          [stack:20613]
7f2c1b0b0000-7f2c1b0b1000 ---p 00000000 00:00 0 
7f2c1b0b1000-7f2c1b1b1000 rw-p 00000000 00:00 0                          [stack:20612]
7f2c1b1b1000-7f2c1b1b2000 ---p 00000000 00:00 0 
7f2c1b1b2000-7f2c1b9b2000 rw-p 00000000 00:00 0                          [stack:20611]
7f2c1b9b2000-7f2c1b9c8000 r-xp 00000000 08:05 400449                     /lib/x86_64-linux-gnu/libresolv-2.17.so
7f2c1b9c8000-7f2c1bbc8000 ---p 00016000 08:05 400449                     /lib/x86_64-linux-gnu/libresolv-2.17.so
7f2c1bbc8000-7f2c1bbc9000 r--p 00016000 08:05 400449                     /lib/x86_64-linux-gnu/libresolv-2.17.so
7f2c1bbc9000-7f2c1bbca000 rw-p 00017000 08:05 400449                     /lib/x86_64-linux-gnu/libresolv-2.17.so
7f2c1bbca000-7f2c1bbcc000 rw-p 00000000 00:00 0 
7f2c1bbcc000-7f2c1bbd2000 r-xp 00000000 08:05 1843700                    /usr/lib/x86_64-linux-gnu/libogg.so.0.8.0
7f2c1bbd2000-7f2c1bdd1000 ---p 00006000 08:05 1843700                    /usr/lib/x86_64-linux-gnu/libogg.so.0.8.0
7f2c1bdd1000-7f2c1bdd2000 r--p 00005000 08:05 1843700                    /usr/lib/x86_64-linux-gnu/libogg.so.0.8.0
7f2c1bdd2000-7f2c1bdd3000 rw-p 00006000 08:05 1843700                    /usr/lib/x86_64-linux-gnu/libogg.so.0.8.0
7f2c1bdd3000-7f2c1bdfe000 r-xp 00000000 08:05 1843906                    /usr/lib/x86_64-linux-gnu/libvorbis.so.0.4.5
7f2c1bdfe000-7f2c1bffe000 ---p 0002b000 08:05 1843906                    /usr/lib/x86_64-linux-gnu/libvorbis.so.0.4.5
7f2c1bffe000-7f2c1bfff000 r--p 0002b000 08:05 1843906                    /usr/lib/x86_64-linux-gnu/libvorbis.so.0.4.5
7f2c1bfff000-7f2c1c000000 rw-p 0002c000 08:05 1843906                    /usr/lib/x86_64-linux-gnu/libvorbis.so.0.4.5
7f2c1c000000-7f2c1c021000 rw-p 00000000 00:00 0 
7f2c1c021000-7f2c20000000 ---p 00000000 00:00 0 
7f2c20000000-7f2c20021000 rw-p 00000000 00:00 0 
7f2c20021000-7f2c24000000 ---p 00000000 00:00 0 
7f2c24000000-7f2c24b6d000 rw-p 00000000 00:00 0 
7f2c24b6d000-7f2c28000000 ---p 00000000 00:00 0 
7f2c28000000-7f2c28021000 rw-p 00000000 00:00 0 
7f2c28021000-7f2c2c000000 ---p 00000000 00:00 0 
7f2c2c000000-7f2c2c021000 rw-p 00000000 00:00 0 
7f2c2c021000-7f2c30000000 ---p 00000000 00:00 0 
7f2c30000000-7f2c3073f000 rw-p 00000000 00:00 0 
7f2c3073f000-7f2c34000000 ---p 00000000 00:00 0 
7f2c34000000-7f2c34021000 rw-p 00000000 00:00 0 
7f2c34021000-7f2c38000000 ---p 00000000 00:00 0 
7f2c38000000-7f2c38021000 rw-p 00000000 00:00 0 
7f2c38021000-7f2c3c000000 ---p 00000000 00:00 0 
7f2c3c000000-7f2c3c021000 rw-p 00000000 00:00 0 
7f2c3c021000-7f2c40000000 ---p 00000000 00:00 0 
7f2c40000000-7f2c40021000 rw-p 00000000 00:00 0 
7f2c40021000-7f2c44000000 ---p 00000000 00:00 0 
7f2c44000000-7f2c44021000 rw-p 00000000 00:00 0 
7f2c44021000-7f2c48000000 ---p 00000000 00:00 0 
7f2c48007000-7f2c4807b000 rw-p 00000000 00:00 0 
7f2c4807b000-7f2c4832e000 r-xp 00000000 08:05 1843908                    /usr/lib/x86_64-linux-gnu/libvorbisenc.so.2.0.8
7f2c4832e000-7f2c4852d000 ---p 002b3000 08:05 1843908                    /usr/lib/x86_64-linux-gnu/libvorbisenc.so.2.0.8
7f2c4852d000-7f2c48549000 r--p 002b2000 08:05 1843908                    /usr/lib/x86_64-linux-gnu/libvorbisenc.so.2.0.8
7f2c48549000-7f2c4854a000 rw-p 002ce000 08:05 1843908                    /usr/lib/x86_64-linux-gnu/libvorbisenc.so.2.0.8
7f2c4854a000-7f2c48594000 r-xp 00000000 08:05 1843105                    /usr/lib/x86_64-linux-gnu/libFLAC.so.8.2.0
7f2c48594000-7f2c48794000 ---p 0004a000 08:05 1843105                    /usr/lib/x86_64-linux-gnu/libFLAC.so.8.2.0
7f2c48794000-7f2c48795000 r--p 0004a000 08:05 1843105                    /usr/lib/x86_64-linux-gnu/libFLAC.so.8.2.0
7f2c48795000-7f2c48796000 rw-p 0004b000 08:05 1843105                    /usr/lib/x86_64-linux-gnu/libFLAC.so.8.2.0
7f2c48796000-7f2c4879b000 r-xp 00000000 08:05 1843253                    /usr/lib/x86_64-linux-gnu/libasyncns.so.0.3.1
7f2c4879b000-7f2c4899a000 ---p 00005000 08:05 1843253                    /usr/lib/x86_64-linux-gnu/libasyncns.so.0.3.1
7f2c4899a000-7f2c4899b000 r--p 00004000 08:05 1843253                    /usr/lib/x86_64-linux-gnu/libasyncns.so.0.3.1
7f2c4899b000-7f2c4899c000 rw-p 00005000 08:05 1843253                    /usr/lib/x86_64-linux-gnu/libasyncns.so.0.3.1
7f2c4899c000-7f2c489fb000 r-xp 00000000 08:05 1843817                    /usr/lib/x86_64-linux-gnu/libsndfile.so.1.0.25
7f2c489fb000-7f2c48bfb000 ---p 0005f000 08:05 1843817                    /usr/lib/x86_64-linux-gnu/libsndfile.so.1.0.25
7f2c48bfb000-7f2c48bfd000 r--p 0005f000 08:05 1843817                    /usr/lib/x86_64-linux-gnu/libsndfile.so.1.0.25
7f2c48bfd000-7f2c48bfe000 rw-p 00061000 08:05 1843817                    /usr/lib/x86_64-linux-gnu/libsndfile.so.1.0.25
7f2c48bfe000-7f2c48c02000 rw-p 00000000 00:00 0 
7f2c48c02000-7f2c48c0a000 r-xp 00000000 08:05 398022                     /lib/x86_64-linux-gnu/libwrap.so.0.7.6
7f2c48c0a000-7f2c48e0a000 ---p 00008000 08:05 398022                     /lib/x86_64-linux-gnu/libwrap.so.0.7.6
7f2c48e0a000-7f2c48e0b000 r--p 00008000 08:05 398022                     /lib/x86_64-linux-gnu/libwrap.so.0.7.6
7f2c48e0b000-7f2c48e0c000 rw-p 00009000 08:05 398022                     /lib/x86_64-linux-gnu/libwrap.so.0.7.6
7f2c48e0c000-7f2c48e4f000 r-xp 00000000 08:05 403149                     /lib/x86_64-linux-gnu/libdbus-1.so.3.7.2
7f2c48e4f000-7f2c4904e000 ---p 00043000 08:05 403149                     /lib/x86_64-linux-gnu/libdbus-1.so.3.7.2
7f2c4904e000-7f2c4904f000 r--p 00042000 08:05 403149                     /lib/x86_64-linux-gnu/libdbus-1.so.3.7.2
7f2c4904f000-7f2c49050000 rw-p 00043000 08:05 403149                     /lib/x86_64-linux-gnu/libdbus-1.so.3.7.2
7f2c49050000-7f2c490b2000 r-xp 00000000 08:05 1438                       /usr/lib/x86_64-linux-gnu/pulseaudio/libpulsecommon-3.0.so
7f2c490b2000-7f2c492b1000 ---p 00062000 08:05 1438                       /usr/lib/x86_64-linux-gnu/pulseaudio/libpulsecommon-3.0.so
7f2c492b1000-7f2c492b2000 r--p 00061000 08:05 1438                       /usr/lib/x86_64-linux-gnu/pulseaudio/libpulsecommon-3.0.so
7f2c492b2000-7f2c492b3000 rw-p 00062000 08:05 1438                       /usr/lib/x86_64-linux-gnu/pulseaudio/libpulsecommon-3.0.so
7f2c492b3000-7f2c492bb000 r-xp 00000000 08:05 415415                     /lib/x86_64-linux-gnu/libjson.so.0.1.0
7f2c492bb000-7f2c494ba000 ---p 00008000 08:05 415415                     /lib/x86_64-linux-gnu/libjson.so.0.1.0
7f2c494ba000-7f2c494bb000 r--p 00007000 08:05 415415                     /lib/x86_64-linux-gnu/libjson.so.0.1.0
7f2c494bb000-7f2c494bc000 rw-p 00008000 08:05 415415                     /lib/x86_64-linux-gnu/libjson.so.0.1.0
7f2c494bc000-7f2c49503000 r-xp 00000000 08:05 1835430                    /usr/lib/x86_64-linux-gnu/libpulse.so.0.15.3
7f2c49503000-7f2c49702000 ---p 00047000 08:05 1835430                    /usr/lib/x86_64-linux-gnu/libpulse.so.0.15.3
7f2c49702000-7f2c49703000 r--p 00046000 08:05 1835430                    /usr/lib/x86_64-linux-gnu/libpulse.so.0.15.3
7f2c49703000-7f2c49704000 rw-p 00047000 08:05 1835430                    /usr/lib/x86_64-linux-gnu/libpulse.so.0.15.3
7f2c49704000-7f2c49755000 r-xp 00000000 08:05 1200417                    /tmp/libgdxjaha/2789134151/libopenal64.so
7f2c49755000-7f2c49955000 ---p 00051000 08:05 1200417                    /tmp/libgdxjaha/2789134151/libopenal64.so
7f2c49955000-7f2c49957000 r--p 00051000 08:05 1200417                    /tmp/libgdxjaha/2789134151/libopenal64.so
7f2c49957000-7f2c49958000 rw-p 00053000 08:05 1200417                    /tmp/libgdxjaha/2789134151/libopenal64.so
7f2c49958000-7f2c49959000 rw-p 00000000 00:00 0 
7f2c49959000-7f2c4995d000 r-xp 00000000 08:05 1843227                    /usr/lib/x86_64-linux-gnu/libXxf86vm.so.1.0.0
7f2c4995d000-7f2c49b5d000 ---p 00004000 08:05 1843227                    /usr/lib/x86_64-linux-gnu/libXxf86vm.so.1.0.0
7f2c49b5d000-7f2c49b5e000 r--p 00004000 08:05 1843227                    /usr/lib/x86_64-linux-gnu/libXxf86vm.so.1.0.0
7f2c49b5e000-7f2c49b5f000 rw-p 00005000 08:05 1843227                    /usr/lib/x86_64-linux-gnu/libXxf86vm.so.1.0.0
7f2c49b5f000-7f2c49bc9000 r-xp 00000000 08:05 1200416                    /tmp/libgdxjaha/2789134151/liblwjgl64.so
7f2c49bc9000-7f2c49dc9000 ---p 0006a000 08:05 1200416                    /tmp/libgdxjaha/2789134151/liblwjgl64.so
7f2c49dc9000-7f2c49dcb000 r--p 0006a000 08:05 1200416                    /tmp/libgdxjaha/2789134151/liblwjgl64.so
7f2c49dcb000-7f2c49dcc000 rw-p 0006c000 08:05 1200416                    /tmp/libgdxjaha/2789134151/liblwjgl64.so
7f2c49dcc000-7f2c49dcd000 r-xp 00000000 08:05 1970273                    /usr/lib/jvm/java-7-oracle/jre/lib/amd64/libjawt.so
7f2c49dcd000-7f2c49fcc000 ---p 00001000 08:05 1970273                    /usr/lib/jvm/java-7-oracle/jre/lib/amd64/libjawt.so
7f2c49fcc000-7f2c49fcd000 rw-p 00000000 08:05 1970273                    /usr/lib/jvm/java-7-oracle/jre/lib/amd64/libjawt.so
7f2c49fcd000-7f2c49fd0000 ---p 00000000 00:00 0 
7f2c49fd0000-7f2c4a0ce000 rw-p 00000000 00:00 0                          [stack:20609]
7f2c4a0ce000-7f2c4a0d3000 r-xp 00000000 08:05 1843199                    /usr/lib/x86_64-linux-gnu/libXfixes.so.3.1.0
7f2c4a0d3000-7f2c4a2d2000 ---p 00005000 08:05 1843199                    /usr/lib/x86_64-linux-gnu/libXfixes.so.3.1.0
7f2c4a2d2000-7f2c4a2d3000 r--p 00004000 08:05 1843199                    /usr/lib/x86_64-linux-gnu/libXfixes.so.3.1.0
7f2c4a2d3000-7f2c4a2d4000 rw-p 00005000 08:05 1843199                    /usr/lib/x86_64-linux-gnu/libXfixes.so.3.1.0
7f2c4a2d4000-7f2c4a2dd000 r-xp 00000000 08:05 1843191                    /usr/lib/x86_64-linux-gnu/libXcursor.so.1.0.2
7f2c4a2dd000-7f2c4a4dd000 ---p 00009000 08:05 1843191                    /usr/lib/x86_64-linux-gnu/libXcursor.so.1.0.2
7f2c4a4dd000-7f2c4a4de000 r--p 00009000 08:05 1843191                    /usr/lib/x86_64-linux-gnu/libXcursor.so.1.0.2
7f2c4a4de000-7f2c4a4df000 rw-p 0000a000 08:05 1843191                    /usr/lib/x86_64-linux-gnu/libXcursor.so.1.0.2
7f2c4a4df000-7f2c4a4f3000 r-xp 00000000 08:05 398062                     /lib/x86_64-linux-gnu/libgcc_s.so.1
7f2c4a4f3000-7f2c4a6f3000 ---p 00014000 08:05 398062                     /lib/x86_64-linux-gnu/libgcc_s.so.1
7f2c4a6f3000-7f2c4a6f4000 r--p 00014000 08:05 398062                     /lib/x86_64-linux-gnu/libgcc_s.so.1
7f2c4a6f4000-7f2c4a6f5000 rw-p 00015000 08:05 398062                     /lib/x86_64-linux-gnu/libgcc_s.so.1
7f2c4a6f5000-7f2c4a7da000 r-xp 00000000 08:05 1835900                    /usr/lib/x86_64-linux-gnu/libstdc++.so.6.0.17
7f2c4a7da000-7f2c4a9d9000 ---p 000e5000 08:05 1835900                    /usr/lib/x86_64-linux-gnu/libstdc++.so.6.0.17
7f2c4a9d9000-7f2c4a9e1000 r--p 000e4000 08:05 1835900                    /usr/lib/x86_64-linux-gnu/libstdc++.so.6.0.17
7f2c4a9e1000-7f2c4a9e3000 rw-p 000ec000 08:05 1835900                    /usr/lib/x86_64-linux-gnu/libstdc++.so.6.0.17
7f2c4a9e3000-7f2c4a9f8000 rw-p 00000000 00:00 0 
7f2c4a9f8000-7f2c4aa60000 r-xp 00000000 08:05 1200414                    /tmp/libgdxjaha/1506174322/libgdx64.so
7f2c4aa60000-7f2c4ac5f000 ---p 00068000 08:05 1200414                    /tmp/libgdxjaha/1506174322/libgdx64.so
7f2c4ac5f000-7f2c4ac61000 r--p 00067000 08:05 1200414                    /tmp/libgdxjaha/1506174322/libgdx64.so
7f2c4ac61000-7f2c4ac62000 rw-p 00069000 08:05 1200414                    /tmp/libgdxjaha/1506174322/libgdx64.so
7f2c4ac62000-7f2c4ac63000 rw-p 00000000 00:00 0 
7f2c4ac63000-7f2c4ac6c000 r-xp 00000000 08:05 1835863                    /usr/lib/x86_64-linux-gnu/libXrandr.so.2.2.0
7f2c4ac6c000-7f2c4ae6b000 ---p 00009000 08:05 1835863                    /usr/lib/x86_64-linux-gnu/libXrandr.so.2.2.0
7f2c4ae6b000-7f2c4ae6c000 r--p 00008000 08:05 1835863                    /usr/lib/x86_64-linux-gnu/libXrandr.so.2.2.0
7f2c4ae6c000-7f2c4ae6d000 rw-p 00009000 08:05 1835863                    /usr/lib/x86_64-linux-gnu/libXrandr.so.2.2.0
7f2c4ae6d000-7f2c4ae72000 r-xp 00000000 08:05 1843195                    /usr/lib/x86_64-linux-gnu/libXdmcp.so.6.0.0
7f2c4ae72000-7f2c4b071000 ---p 00005000 08:05 1843195                    /usr/lib/x86_64-linux-gnu/libXdmcp.so.6.0.0
7f2c4b071000-7f2c4b072000 r--p 00004000 08:05 1843195                    /usr/lib/x86_64-linux-gnu/libXdmcp.so.6.0.0
7f2c4b072000-7f2c4b073000 rw-p 00005000 08:05 1843195                    /usr/lib/x86_64-linux-gnu/libXdmcp.so.6.0.0
7f2c4b073000-7f2c4b075000 r-xp 00000000 08:05 1843184                    /usr/lib/x86_64-linux-gnu/libXau.so.6.0.0
7f2c4b075000-7f2c4b275000 ---p 00002000 08:05 1843184                    /usr/lib/x86_64-linux-gnu/libXau.so.6.0.0
7f2c4b275000-7f2c4b276000 r--p 00002000 08:05 1843184                    /usr/lib/x86_64-linux-gnu/libXau.so.6.0.0
7f2c4b276000-7f2c4b277000 rw-p 00003000 08:05 1843184                    /usr/lib/x86_64-linux-gnu/libXau.so.6.0.0
7f2c4b277000-7f2c4b294000 r-xp 00000000 08:05 1836448                    /usr/lib/x86_64-linux-gnu/libxcb.so.1.1.0
7f2c4b294000-7f2c4b493000 ---p 0001d000 08:05 1836448                    /usr/lib/x86_64-linux-gnu/libxcb.so.1.1.0
7f2c4b493000-7f2c4b494000 r--p 0001c000 08:05 1836448                    /usr/lib/x86_64-linux-gnu/libxcb.so.1.1.0
7f2c4b494000-7f2c4b495000 rw-p 0001d000 08:05 1836448                    /usr/lib/x86_64-linux-gnu/libxcb.so.1.1.0
7f2c4b495000-7f2c4b4a3000 r-xp 00000000 08:05 1835858                    /usr/lib/x86_64-linux-gnu/libXi.so.6.1.0
7f2c4b4a3000-7f2c4b6a2000 ---p 0000e000 08:05 1835858                    /usr/lib/x86_64-linux-gnu/libXi.so.6.1.0
7f2c4b6a2000-7f2c4b6a3000 r--p 0000d000 08:05 1835858                    /usr/lib/x86_64-linux-gnu/libXi.so.6.1.0
7f2c4b6a3000-7f2c4b6a4000 rw-p 0000e000 08:05 1835858                    /usr/lib/x86_64-linux-gnu/libXi.so.6.1.0
7f2c4b6a4000-7f2c4b6a9000 r-xp 00000000 08:05 1843221                    /usr/lib/x86_64-linux-gnu/libXtst.so.6.1.0
7f2c4b6a9000-7f2c4b8a8000 ---p 00005000 08:05 1843221                    /usr/lib/x86_64-linux-gnu/libXtst.so.6.1.0
7f2c4b8a8000-7f2c4b8a9000 r--p 00004000 08:05 1843221                    /usr/lib/x86_64-linux-gnu/libXtst.so.6.1.0
7f2c4b8a9000-7f2c4b8aa000 rw-p 00005000 08:05 1843221                    /usr/lib/x86_64-linux-gnu/libXtst.so.6.1.0
7f2c4b8aa000-7f2c4b8b3000 r-xp 00000000 08:05 1843217                    /usr/lib/x86_64-linux-gnu/libXrender.so.1.3.0
7f2c4b8b3000-7f2c4bab2000 ---p 00009000 08:05 1843217                    /usr/lib/x86_64-linux-gnu/libXrender.so.1.3.0
7f2c4bab2000-7f2c4bab3000 r--p 00008000 08:05 1843217                    /usr/lib/x86_64-linux-gnu/libXrender.so.1.3.0
7f2c4bab3000-7f2c4bab4000 rw-p 00009000 08:05 1843217                    /usr/lib/x86_64-linux-gnu/libXrender.so.1.3.0
7f2c4bab4000-7f2c4bbe8000 r-xp 00000000 08:05 1836454                    /usr/lib/x86_64-linux-gnu/libX11.so.6.3.0
7f2c4bbe8000-7f2c4bde8000 ---p 00134000 08:05 1836454                    /usr/lib/x86_64-linux-gnu/libX11.so.6.3.0
7f2c4bde8000-7f2c4bde9000 r--p 00134000 08:05 1836454                    /usr/lib/x86_64-linux-gnu/libX11.so.6.3.0
7f2c4bde9000-7f2c4bdee000 rw-p 00135000 08:05 1836454                    /usr/lib/x86_64-linux-gnu/libX11.so.6.3.0
7f2c4bdee000-7f2c4bdfe000 r-xp 00000000 08:05 1843197                    /usr/lib/x86_64-linux-gnu/libXext.so.6.4.0
7f2c4bdfe000-7f2c4bffe000 ---p 00010000 08:05 1843197                    /usr/lib/x86_64-linux-gnu/libXext.so.6.4.0
7f2c4bffe000-7f2c4bfff000 r--p 00010000 08:05 1843197                    /usr/lib/x86_64-linux-gnu/libXext.so.6.4.0
7f2c4bfff000-7f2c4c000000 rw-p 00011000 08:05 1843197                    /usr/lib/x86_64-linux-gnu/libXext.so.6.4.0
7f2c4c000000-7f2c4c021000 rw-p 00000000 00:00 0 
7f2c4c021000-7f2c50000000 ---p 00000000 00:00 0 
7f2c5003d000-7f2c5009d000 rw-s 106d20000 00:05 1521                      /dev/dri/card0
7f2c5009d000-7f2c500a0000 ---p 00000000 00:00 0 
7f2c500a0000-7f2c500ee000 rw-p 00000000 00:00 0                          [stack:20615]
7f2c500ee000-7f2c500f1000 ---p 00000000 00:00 0 
7f2c500f1000-7f2c501ef000 rw-p 00000000 00:00 0                          [stack:20608]
7f2c501ef000-7f2c5023f000 r-xp 00000000 08:05 1970280                    /usr/lib/jvm/java-7-oracle/jre/lib/amd64/xawt/libmawt.so
7f2c5023f000-7f2c5043f000 ---p 00050000 08:05 1970280                    /usr/lib/jvm/java-7-oracle/jre/lib/amd64/xawt/libmawt.so
7f2c5043f000-7f2c50443000 rw-p 00050000 08:05 1970280                    /usr/lib/jvm/java-7-oracle/jre/lib/amd64/xawt/libmawt.so
7f2c50443000-7f2c50444000 rw-p 00000000 00:00 0 
7f2c50444000-7f2c504e6000 r-xp 00000000 08:05 1970249                    /usr/lib/jvm/java-7-oracle/jre/lib/amd64/libawt.so
7f2c504e6000-7f2c506e6000 ---p 000a2000 08:05 1970249                    /usr/lib/jvm/java-7-oracle/jre/lib/amd64/libawt.so
7f2c506e6000-7f2c506f2000 rw-p 000a2000 08:05 1970249                    /usr/lib/jvm/java-7-oracle/jre/lib/amd64/libawt.so
7f2c506f2000-7f2c50716000 rw-p 00000000 00:00 0 
7f2c50716000-7f2c50717000 ---p 00000000 00:00 0 
7f2c50717000-7f2c50817000 rw-p 00000000 00:00 0                          [stack:20607]
7f2c50817000-7f2c5081a000 ---p 00000000 00:00 0 
7f2c5081a000-7f2c50918000 rw-p 00000000 00:00 0                          [stack:20606]
7f2c50918000-7f2c5091b000 ---p 00000000 00:00 0 
7f2c5091b000-7f2c50a19000 rw-p 00000000 00:00 0                          [stack:20605]
7f2c50a19000-7f2c50a1c000 ---p 00000000 00:00 0 
7f2c50a1c000-7f2c50b1a000 rw-p 00000000 00:00 0                          [stack:20604]
7f2c50b1a000-7f2c50b1d000 ---p 00000000 00:00 0 
7f2c50b1d000-7f2c50c1b000 rw-p 00000000 00:00 0                          [stack:20603]
7f2c50c1b000-7f2c50f01000 r--p 00000000 08:05 1849774                    /usr/lib/locale/locale-archive
7f2c50f01000-7f2c50f04000 ---p 00000000 00:00 0 
7f2c50f04000-7f2c51002000 rw-p 00000000 00:00 0                          [stack:20602]
7f2c51002000-7f2c51005000 ---p 00000000 00:00 0 
7f2c51005000-7f2c51103000 rw-p 00000000 00:00 0                          [stack:20601]
7f2c51103000-7f2c51104000 ---p 00000000 00:00 0 
7f2c51104000-7f2c52113000 rw-p 00000000 00:00 0                          [stack:20600]
7f2c52113000-7f2c522d0000 r--s 039de000 08:05 1971174                    /usr/lib/jvm/java-7-oracle/jre/lib/rt.jar
7f2c522d0000-7f2c54000000 rw-p 00000000 00:00 0 
7f2c54000000-7f2c54021000 rw-p 00000000 00:00 0 
7f2c54021000-7f2c58000000 ---p 00000000 00:00 0 
7f2c58000000-7f2c58002000 rw-s 00000000 00:04 376149                     /drm mm object (deleted)
7f2c58002000-7f2c58003000 rw-s 00000000 00:04 376147                     /drm mm object (deleted)
7f2c58003000-7f2c58004000 rw-s 00000000 00:04 376146                     /drm mm object (deleted)
7f2c58004000-7f2c58005000 rw-s 00000000 00:04 376145                     /drm mm object (deleted)
7f2c58005000-7f2c58006000 rw-s 00000000 00:04 376144                     /drm mm object (deleted)
7f2c58006000-7f2c58007000 rw-s 00000000 00:04 375058                     /drm mm object (deleted)
7f2c58007000-7f2c58008000 rw-s 00000000 00:04 375050                     /drm mm object (deleted)
7f2c58008000-7f2c5800f000 r--s 00000000 08:05 36609                      /usr/lib/x86_64-linux-gnu/gconv/gconv-modules.cache
7f2c5800f000-7f2c5880d000 rw-p 00000000 00:00 0 
7f2c5880d000-7f2c5880e000 ---p 00000000 00:00 0 
7f2c5880e000-7f2c5890e000 rw-p 00000000 00:00 0                          [stack:20596]
7f2c5890e000-7f2c5890f000 ---p 00000000 00:00 0 
7f2c5890f000-7f2c58a0f000 rw-p 00000000 00:00 0                          [stack:20595]
7f2c58a0f000-7f2c58a10000 ---p 00000000 00:00 0 
7f2c58a10000-7f2c58b10000 rw-p 00000000 00:00 0                          [stack:20594]
7f2c58b10000-7f2c58b11000 ---p 00000000 00:00 0 
7f2c58b11000-7f2c58c1c000 rw-p 00000000 00:00 0                          [stack:20593]
7f2c58c1c000-7f2c58c3a000 rw-p 00000000 00:00 0 
7f2c58c3a000-7f2c58c4c000 rw-p 00000000 00:00 0 
7f2c58c4c000-7f2c58d56000 rw-p 00000000 00:00 0 
7f2c58d56000-7f2c58d5f000 rw-p 00000000 00:00 0 
7f2c58d5f000-7f2c58de4000 rw-p 00000000 00:00 0 
7f2c58de4000-7f2c58de5000 rw-p 00000000 00:00 0 
7f2c58de5000-7f2c59055000 rwxp 00000000 00:00 0 
7f2c59055000-7f2c5bde5000 rw-p 00000000 00:00 0 
7f2c5bde5000-7f2c5bdff000 r-xp 00000000 08:05 1970300                    /usr/lib/jvm/java-7-oracle/jre/lib/amd64/libzip.so
7f2c5bdff000-7f2c5bfff000 ---p 0001a000 08:05 1970300                    /usr/lib/jvm/java-7-oracle/jre/lib/amd64/libzip.so
7f2c5bfff000-7f2c5c000000 rw-p 0001a000 08:05 1970300                    /usr/lib/jvm/java-7-oracle/jre/lib/amd64/libzip.so
7f2c5c000000-7f2c5c32d000 rw-p 00000000 00:00 0 
7f2c5c32d000-7f2c60000000 ---p 00000000 00:00 0 
7f2c60000000-7f2c60001000 rw-s 00000000 00:04 373657                     /drm mm object (deleted)
7f2c60001000-7f2c60097000 rw-p 00000000 00:00 0 
7f2c60097000-7f2c600b5000 rw-p 00000000 00:00 0 
7f2c600b5000-7f2c600c7000 rw-p 00000000 00:00 0 
7f2c600c7000-7f2c601d1000 rw-p 00000000 00:00 0 
7f2c601d1000-7f2c601dd000 r-xp 00000000 08:05 414206                     /lib/x86_64-linux-gnu/libnss_files-2.17.so
7f2c601dd000-7f2c603dc000 ---p 0000c000 08:05 414206                     /lib/x86_64-linux-gnu/libnss_files-2.17.so
7f2c603dc000-7f2c603dd000 r--p 0000b000 08:05 414206                     /lib/x86_64-linux-gnu/libnss_files-2.17.so
7f2c603dd000-7f2c603de000 rw-p 0000c000 08:05 414206                     /lib/x86_64-linux-gnu/libnss_files-2.17.so
7f2c603de000-7f2c603e9000 r-xp 00000000 08:05 414198                     /lib/x86_64-linux-gnu/libnss_nis-2.17.so
7f2c603e9000-7f2c605e8000 ---p 0000b000 08:05 414198                     /lib/x86_64-linux-gnu/libnss_nis-2.17.so
7f2c605e8000-7f2c605e9000 r--p 0000a000 08:05 414198                     /lib/x86_64-linux-gnu/libnss_nis-2.17.so
7f2c605e9000-7f2c605ea000 rw-p 0000b000 08:05 414198                     /lib/x86_64-linux-gnu/libnss_nis-2.17.so
7f2c605ea000-7f2c60601000 r-xp 00000000 08:05 400439                     /lib/x86_64-linux-gnu/libnsl-2.17.so
7f2c60601000-7f2c60800000 ---p 00017000 08:05 400439                     /lib/x86_64-linux-gnu/libnsl-2.17.so
7f2c60800000-7f2c60801000 r--p 00016000 08:05 400439                     /lib/x86_64-linux-gnu/libnsl-2.17.so
7f2c60801000-7f2c60802000 rw-p 00017000 08:05 400439                     /lib/x86_64-linux-gnu/libnsl-2.17.so
7f2c60802000-7f2c60804000 rw-p 00000000 00:00 0 
7f2c60804000-7f2c6080c000 r-xp 00000000 08:05 400584                     /lib/x86_64-linux-gnu/libnss_compat-2.17.so
7f2c6080c000-7f2c60a0b000 ---p 00008000 08:05 400584                     /lib/x86_64-linux-gnu/libnss_compat-2.17.so
7f2c60a0b000-7f2c60a0c000 r--p 00007000 08:05 400584                     /lib/x86_64-linux-gnu/libnss_compat-2.17.so
7f2c60a0c000-7f2c60a0d000 rw-p 00008000 08:05 400584                     /lib/x86_64-linux-gnu/libnss_compat-2.17.so
7f2c60a0d000-7f2c60a36000 r-xp 00000000 08:05 1970276                    /usr/lib/jvm/java-7-oracle/jre/lib/amd64/libjava.so
7f2c60a36000-7f2c60c36000 ---p 00029000 08:05 1970276                    /usr/lib/jvm/java-7-oracle/jre/lib/amd64/libjava.so
7f2c60c36000-7f2c60c38000 rw-p 00029000 08:05 1970276                    /usr/lib/jvm/java-7-oracle/jre/lib/amd64/libjava.so
7f2c60c38000-7f2c60c45000 r-xp 00000000 08:05 1970254                    /usr/lib/jvm/java-7-oracle/jre/lib/amd64/libverify.so
7f2c60c45000-7f2c60e44000 ---p 0000d000 08:05 1970254                    /usr/lib/jvm/java-7-oracle/jre/lib/amd64/libverify.so
7f2c60e44000-7f2c60e46000 rw-p 0000c000 08:05 1970254                    /usr/lib/jvm/java-7-oracle/jre/lib/amd64/libverify.so
7f2c60e46000-7f2c60e4d000 r-xp 00000000 08:05 400423                     /lib/x86_64-linux-gnu/librt-2.17.so
7f2c60e4d000-7f2c6104c000 ---p 00007000 08:05 400423                     /lib/x86_64-linux-gnu/librt-2.17.so
7f2c6104c000-7f2c6104d000 r--p 00006000 08:05 400423                     /lib/x86_64-linux-gnu/librt-2.17.so
7f2c6104d000-7f2c6104e000 rw-p 00007000 08:05 400423                     /lib/x86_64-linux-gnu/librt-2.17.so
7f2c6104e000-7f2c61151000 r-xp 00000000 08:05 408817                     /lib/x86_64-linux-gnu/libm-2.17.so
7f2c61151000-7f2c61351000 ---p 00103000 08:05 408817                     /lib/x86_64-linux-gnu/libm-2.17.so
7f2c61351000-7f2c61352000 r--p 00103000 08:05 408817                     /lib/x86_64-linux-gnu/libm-2.17.so
7f2c61352000-7f2c61353000 rw-p 00104000 08:05 408817                     /lib/x86_64-linux-gnu/libm-2.17.so
7f2c61353000-7f2c61d9d000 r-xp 00000000 08:05 1970290                    /usr/lib/jvm/java-7-oracle/jre/lib/amd64/server/libjvm.so
7f2c61d9d000-7f2c61f9c000 ---p 00a4a000 08:05 1970290                    /usr/lib/jvm/java-7-oracle/jre/lib/amd64/server/libjvm.so
7f2c61f9c000-7f2c62040000 rw-p 00a49000 08:05 1970290                    /usr/lib/jvm/java-7-oracle/jre/lib/amd64/server/libjvm.so
7f2c62040000-7f2c6207b000 rw-p 00000000 00:00 0 
7f2c6207b000-7f2c62239000 r-xp 00000000 08:05 400453                     /lib/x86_64-linux-gnu/libc-2.17.so
7f2c62239000-7f2c62438000 ---p 001be000 08:05 400453                     /lib/x86_64-linux-gnu/libc-2.17.so
7f2c62438000-7f2c6243c000 r--p 001bd000 08:05 400453                     /lib/x86_64-linux-gnu/libc-2.17.so
7f2c6243c000-7f2c6243e000 rw-p 001c1000 08:05 400453                     /lib/x86_64-linux-gnu/libc-2.17.so
7f2c6243e000-7f2c62443000 rw-p 00000000 00:00 0 
7f2c62443000-7f2c62446000 r-xp 00000000 08:05 400455                     /lib/x86_64-linux-gnu/libdl-2.17.so
7f2c62446000-7f2c62645000 ---p 00003000 08:05 400455                     /lib/x86_64-linux-gnu/libdl-2.17.so
7f2c62645000-7f2c62646000 r--p 00002000 08:05 400455                     /lib/x86_64-linux-gnu/libdl-2.17.so
7f2c62646000-7f2c62647000 rw-p 00003000 08:05 400455                     /lib/x86_64-linux-gnu/libdl-2.17.so
7f2c62647000-7f2c6265d000 r-xp 00000000 08:05 1970301                    /usr/lib/jvm/java-7-oracle/jre/lib/amd64/jli/libjli.so
7f2c6265d000-7f2c6285d000 ---p 00016000 08:05 1970301                    /usr/lib/jvm/java-7-oracle/jre/lib/amd64/jli/libjli.so
7f2c6285d000-7f2c6285e000 rw-p 00016000 08:05 1970301                    /usr/lib/jvm/java-7-oracle/jre/lib/amd64/jli/libjli.so
7f2c6285e000-7f2c62876000 r-xp 00000000 08:05 400660                     /lib/x86_64-linux-gnu/libpthread-2.17.so
7f2c62876000-7f2c62a75000 ---p 00018000 08:05 400660                     /lib/x86_64-linux-gnu/libpthread-2.17.so
7f2c62a75000-7f2c62a76000 r--p 00017000 08:05 400660                     /lib/x86_64-linux-gnu/libpthread-2.17.so
7f2c62a76000-7f2c62a77000 rw-p 00018000 08:05 400660                     /lib/x86_64-linux-gnu/libpthread-2.17.so
7f2c62a77000-7f2c62a7b000 rw-p 00000000 00:00 0 
7f2c62a7b000-7f2c62a9e000 r-xp 00000000 08:05 400445                     /lib/x86_64-linux-gnu/ld-2.17.so
7f2c62a9e000-7f2c62aa0000 r--s 00004000 08:06 15602843                   /home/jaha/workspace/GravityShip-desktop/libs/gdx-controllers-desktop.jar
7f2c62aa0000-7f2c62ab4000 r--s 0014d000 08:06 15602314                   /home/jaha/workspace/GravityShip-desktop/libs/gdx-backend-lwjgl.jar
7f2c62ab4000-7f2c62abe000 rw-p 00000000 00:00 0 
7f2c62abe000-7f2c62b74000 rw-p 00000000 00:00 0 
7f2c62b74000-7f2c62b77000 ---p 00000000 00:00 0 
7f2c62b77000-7f2c62c79000 rw-p 00000000 00:00 0                          [stack:20592]
7f2c62c79000-7f2c62c7a000 rwxp 00000000 00:00 0 
7f2c62c7a000-7f2c62c7b000 r--s 00102000 08:06 15602858                   /home/jaha/workspace/GravityShip-desktop/libs/gdx-controllers-desktop-natives.jar
7f2c62c7b000-7f2c62c7c000 r--s 0011b000 08:06 15602308                   /home/jaha/workspace/GravityShip-desktop/libs/gdx-natives.jar
7f2c62c7c000-7f2c62c7d000 r--s 00162000 08:06 15602316                   /home/jaha/workspace/GravityShip-desktop/libs/gdx-backend-lwjgl-natives.jar
7f2c62c7d000-7f2c62c7e000 r--s 00002000 08:06 15602500                   /home/jaha/workspace/GravityShip/libs/gdx-controllers.jar
7f2c62c7e000-7f2c62c90000 r--s 0010a000 08:06 15601673                   /home/jaha/workspace/GravityShip/libs/gdx.jar
7f2c62c90000-7f2c62c91000 r--s 00001000 08:06 15601662                   /home/jaha/workspace/GravityShip/libs/bodyeditor-loader.jar
7f2c62c91000-7f2c62c99000 rw-s 00000000 08:05 1200410                    /tmp/hsperfdata_jaha/20589
7f2c62c99000-7f2c62c9a000 rw-p 00000000 00:00 0 
7f2c62c9a000-7f2c62c9b000 r--p 00000000 00:00 0 
7f2c62c9b000-7f2c62c9d000 rw-p 00000000 00:00 0 
7f2c62c9d000-7f2c62c9e000 r--p 00022000 08:05 400445                     /lib/x86_64-linux-gnu/ld-2.17.so
7f2c62c9e000-7f2c62ca0000 rw-p 00023000 08:05 400445                     /lib/x86_64-linux-gnu/ld-2.17.so
7fffb9e96000-7fffb9eb7000 rw-p 00000000 00:00 0                          [stack]
7fffb9ffe000-7fffba000000 r-xp 00000000 00:00 0                          [vdso]
ffffffffff600000-ffffffffff601000 r-xp 00000000 00:00 0                  [vsyscall]

VM Arguments:
jvm_args: -Dfile.encoding=UTF-8 
java_command: com.hajnar.GravityShip.Main
Launcher Type: SUN_STANDARD

Environment Variables:
PATH=/usr/lib/lightdm/lightdm:/usr/local/sbin:/usr/local/bin:/usr/sbin:/usr/bin:/sbin:/bin:/usr/games:/usr/local/games
SHELL=/bin/bash
DISPLAY=:0

Signal Handlers:
SIGSEGV: [libjvm.so+0x8a80e0], sa_mask[0]=0x7ffbfeff, sa_flags=0x10000004
SIGBUS: [libjvm.so+0x8a80e0], sa_mask[0]=0x7ffbfeff, sa_flags=0x10000004
SIGFPE: [libjvm.so+0x744170], sa_mask[0]=0x7ffbfeff, sa_flags=0x10000004
SIGPIPE: [libjvm.so+0x744170], sa_mask[0]=0x7ffbfeff, sa_flags=0x10000004
SIGXFSZ: [libjvm.so+0x744170], sa_mask[0]=0x7ffbfeff, sa_flags=0x10000004
SIGILL: [libjvm.so+0x744170], sa_mask[0]=0x7ffbfeff, sa_flags=0x10000004
SIGUSR1: SIG_DFL, sa_mask[0]=0x00000000, sa_flags=0x00000000
SIGUSR2: [libjvm.so+0x743ac0], sa_mask[0]=0x00000004, sa_flags=0x10000004
SIGHUP: [libjvm.so+0x745e50], sa_mask[0]=0x7ffbfeff, sa_flags=0x10000004
SIGINT: [libjvm.so+0x745e50], sa_mask[0]=0x7ffbfeff, sa_flags=0x10000004
SIGTERM: [libjvm.so+0x745e50], sa_mask[0]=0x7ffbfeff, sa_flags=0x10000004
SIGQUIT: [libjvm.so+0x745e50], sa_mask[0]=0x7ffbfeff, sa_flags=0x10000004


---------------  S Y S T E M  ---------------

OS:wheezy/sid

uname:Linux 3.8.0-19-lowlatency #13-Ubuntu SMP PREEMPT Thu Apr 18 09:41:59 UTC 2013 x86_64
libc:glibc 2.17 NPTL 2.17 
rlimit: STACK 8192k, CORE 0k, NPROC 27107, NOFILE 4096, AS infinity
load average:0,18 0,41 0,49

/proc/meminfo:
MemTotal:        3488684 kB
MemFree:          425980 kB
Buffers:           23556 kB
Cached:           895448 kB
SwapCached:        35000 kB
Active:          1964664 kB
Inactive:         875880 kB
Active(anon):    1722948 kB
Inactive(anon):   590720 kB
Active(file):     241716 kB
Inactive(file):   285160 kB
Unevictable:        2152 kB
Mlocked:            2152 kB
SwapTotal:       4548604 kB
SwapFree:        4453580 kB
Dirty:               196 kB
Writeback:             0 kB
AnonPages:       1891524 kB
Mapped:           196256 kB
Shmem:            392056 kB
Slab:             103724 kB
SReclaimable:      65228 kB
SUnreclaim:        38496 kB
KernelStack:        5744 kB
PageTables:        51344 kB
NFS_Unstable:          0 kB
Bounce:                0 kB
WritebackTmp:          0 kB
CommitLimit:     6292944 kB
Committed_AS:    6838988 kB
VmallocTotal:   34359738367 kB
VmallocUsed:      352724 kB
VmallocChunk:   34359381040 kB
HardwareCorrupted:     0 kB
AnonHugePages:         0 kB
HugePages_Total:       0
HugePages_Free:        0
HugePages_Rsvd:        0
HugePages_Surp:        0
Hugepagesize:       2048 kB
DirectMap4k:      140352 kB
DirectMap2M:     3487744 kB


CPU:total 4 (2 cores per cpu, 2 threads per core) family 6 model 58 stepping 9, cmov, cx8, fxsr, mmx, sse, sse2, sse3, ssse3, sse4.1, sse4.2, popcnt, avx, ht, tsc, tscinvbit, tscinv

/proc/cpuinfo:
processor	: 0
vendor_id	: GenuineIntel
cpu family	: 6
model		: 58
model name	: Intel(R) Core(TM) i5-3210M CPU @ 2.50GHz
stepping	: 9
microcode	: 0x12
cpu MHz		: 1200.000
cache size	: 3072 KB
physical id	: 0
siblings	: 4
core id		: 0
cpu cores	: 2
apicid		: 0
initial apicid	: 0
fpu		: yes
fpu_exception	: yes
cpuid level	: 13
wp		: yes
flags		: fpu vme de pse tsc msr pae mce cx8 apic sep mtrr pge mca cmov pat pse36 clflush dts acpi mmx fxsr sse sse2 ss ht tm pbe syscall nx rdtscp lm constant_tsc arch_perfmon pebs bts rep_good nopl xtopology nonstop_tsc aperfmperf eagerfpu pni pclmulqdq dtes64 monitor ds_cpl vmx est tm2 ssse3 cx16 xtpr pdcm pcid sse4_1 sse4_2 x2apic popcnt tsc_deadline_timer aes xsave avx f16c rdrand lahf_lm ida arat epb xsaveopt pln pts dtherm tpr_shadow vnmi flexpriority ept vpid fsgsbase smep erms
bogomips	: 4988.80
clflush size	: 64
cache_alignment	: 64
address sizes	: 36 bits physical, 48 bits virtual
power management:

processor	: 1
vendor_id	: GenuineIntel
cpu family	: 6
model		: 58
model name	: Intel(R) Core(TM) i5-3210M CPU @ 2.50GHz
stepping	: 9
microcode	: 0x12
cpu MHz		: 1200.000
cache size	: 3072 KB
physical id	: 0
siblings	: 4
core id		: 0
cpu cores	: 2
apicid		: 1
initial apicid	: 1
fpu		: yes
fpu_exception	: yes
cpuid level	: 13
wp		: yes
flags		: fpu vme de pse tsc msr pae mce cx8 apic sep mtrr pge mca cmov pat pse36 clflush dts acpi mmx fxsr sse sse2 ss ht tm pbe syscall nx rdtscp lm constant_tsc arch_perfmon pebs bts rep_good nopl xtopology nonstop_tsc aperfmperf eagerfpu pni pclmulqdq dtes64 monitor ds_cpl vmx est tm2 ssse3 cx16 xtpr pdcm pcid sse4_1 sse4_2 x2apic popcnt tsc_deadline_timer aes xsave avx f16c rdrand lahf_lm ida arat epb xsaveopt pln pts dtherm tpr_shadow vnmi flexpriority ept vpid fsgsbase smep erms
bogomips	: 4988.80
clflush size	: 64
cache_alignment	: 64
address sizes	: 36 bits physical, 48 bits virtual
power management:

processor	: 2
vendor_id	: GenuineIntel
cpu family	: 6
model		: 58
model name	: Intel(R) Core(TM) i5-3210M CPU @ 2.50GHz
stepping	: 9
microcode	: 0x12
cpu MHz		: 2501.000
cache size	: 3072 KB
physical id	: 0
siblings	: 4
core id		: 1
cpu cores	: 2
apicid		: 2
initial apicid	: 2
fpu		: yes
fpu_exception	: yes
cpuid level	: 13
wp		: yes
flags		: fpu vme de pse tsc msr pae mce cx8 apic sep mtrr pge mca cmov pat pse36 clflush dts acpi mmx fxsr sse sse2 ss ht tm pbe syscall nx rdtscp lm constant_tsc arch_perfmon pebs bts rep_good nopl xtopology nonstop_tsc aperfmperf eagerfpu pni pclmulqdq dtes64 monitor ds_cpl vmx est tm2 ssse3 cx16 xtpr pdcm pcid sse4_1 sse4_2 x2apic popcnt tsc_deadline_timer aes xsave avx f16c rdrand lahf_lm ida arat epb xsaveopt pln pts dtherm tpr_shadow vnmi flexpriority ept vpid fsgsbase smep erms
bogomips	: 4988.80
clflush size	: 64
cache_alignment	: 64
address sizes	: 36 bits physical, 48 bits virtual
power management:

processor	: 3
vendor_id	: GenuineIntel
cpu family	: 6
model		: 58
model name	: Intel(R) Core(TM) i5-3210M CPU @ 2.50GHz
stepping	: 9
microcode	: 0x12
cpu MHz		: 2501.000
cache size	: 3072 KB
physical id	: 0
siblings	: 4
core id		: 1
cpu cores	: 2
apicid		: 3
initial apicid	: 3
fpu		: yes
fpu_exception	: yes
cpuid level	: 13
wp		: yes
flags		: fpu vme de pse tsc msr pae mce cx8 apic sep mtrr pge mca cmov pat pse36 clflush dts acpi mmx fxsr sse sse2 ss ht tm pbe syscall nx rdtscp lm constant_tsc arch_perfmon pebs bts rep_good nopl xtopology nonstop_tsc aperfmperf eagerfpu pni pclmulqdq dtes64 monitor ds_cpl vmx est tm2 ssse3 cx16 xtpr pdcm pcid sse4_1 sse4_2 x2apic popcnt tsc_deadline_timer aes xsave avx f16c rdrand lahf_lm ida arat epb xsaveopt pln pts dtherm tpr_shadow vnmi flexpriority ept vpid fsgsbase smep erms
bogomips	: 4988.80
clflush size	: 64
cache_alignment	: 64
address sizes	: 36 bits physical, 48 bits virtual
power management:



Memory: 4k page, physical 3488684k(425980k free), swap 4548604k(4453580k free)

vm_info: Java HotSpot(TM) 64-Bit Server VM (23.21-b01) for linux-amd64 JRE (1.7.0_21-b11), built on Apr  4 2013 04:03:29 by "java_re" with gcc 4.3.0 20080428 (Red Hat 4.3.0-8)

time: Sat Apr 27 19:11:34 2013
elapsed time: 9 seconds

