#
# A fatal error has been detected by the Java Runtime Environment:
#
#  SIGSEGV (0xb) at pc=0x00007f1de3376634, pid=21461, tid=139766291527424
#
# JRE version: 7.0_21-b11
# Java VM: Java HotSpot(TM) 64-Bit Server VM (23.21-b01 mixed mode linux-amd64 compressed oops)
# Problematic frame:
# C  [libgdx64.so+0x22634]  b2BlockAllocator::Allocate(int)+0x54
#
# Failed to write core dump. Core dumps have been disabled. To enable core dumping, try "ulimit -c unlimited" before starting Java again
#
# If you would like to submit a bug report, please visit:
#   http://bugreport.sun.com/bugreport/crash.jsp
# The crash happened outside the Java Virtual Machine in native code.
# See problematic frame for where to report the bug.
#

---------------  T H R E A D  ---------------

Current thread (0x00007f1df430b800):  JavaThread "LWJGL Application" [_thread_in_native, id=21484, stack(0x00007f1de0187000,0x00007f1de0288000)]

siginfo:si_signo=SIGSEGV: si_errno=0, si_code=1 (SEGV_MAPERR), si_addr=0x00007f1f9c6b73b0

Registers:
RAX=0x0000000000000008, RBX=0x00007f1d9c69d2a0, RCX=0x00007f1f9c6b73b0, RDX=0x00007f1d9c69d2a0
RSP=0x00007f1de0286180, RBP=0x0000000000000006, RSI=0x00000000000000b8, RDI=0x00007f1d9c69d2a0
R8 =0x0000000000000001, R9 =0x0000000000000001, R10=0x0000000000000000, R11=0x00007f1dfa4a31a0
R12=0x0000000000000000, R13=0x00000000c62a2db0, R14=0x00007f1de0286398, R15=0x00007f1df430b800
RIP=0x00007f1de3376634, EFLAGS=0x0000000000010202, CSGSFS=0x0000000000000033, ERR=0x0000000000000004
  TRAPNO=0x000000000000000e

Top of Stack: (sp=0x00007f1de0286180)
0x00007f1de0286180:   00007f1d9c69d2a0 00007f1de02861d0
0x00007f1de0286190:   0000000000000000 00007f1de338b5b7
0x00007f1de02861a0:   00007f1df100548c 00007f1de0286398
0x00007f1de02861b0:   00007f1d9c69d2a0 00000000c62a2db0
0x00007f1de02861c0:   00007f1de02862f0 00007f1de339373f
0x00007f1de02861d0:   0000000000000002 0000000000000000
0x00007f1de02861e0:   0000000000000000 0000000000000000
0x00007f1de02861f0:   0000010100000000 0000000000000001
0x00007f1de0286200:   0000000000000000 000000003f800000
0x00007f1de0286210:   0000000000000000 00007f1df1011f90
0x00007f1de0286220:   0000000000000000 0000000000000000
0x00007f1de0286230:   0000000000000001 000000003f800000
0x00007f1de0286240:   00007f1df1006158 00000000eeff5d78
0x00007f1de0286250:   00007f1de0286250 00000000c62cc031
0x00007f1de0286260:   00007f1de02862a0 00000000c62cc338
0x00007f1de0286270:   0000000000000000 00000000c62cc060
0x00007f1de0286280:   0000000000000000 00007f1de02862a0
0x00007f1de0286290:   00007f1de02862f8 00007f1df1006158
0x00007f1de02862a0:   00000000eeff5d78 00000000eeff5d78
0x00007f1de02862b0:   00007f1de02862b0 00000000c62a2db0
0x00007f1de02862c0:   00007f1de0286398 00000000c62b6350
0x00007f1de02862d0:   0000000000000000 00000000c62a2db0
0x00007f1de02862e0:   0000000000000000 00007f1de0286310
0x00007f1de02862f0:   00007f1de02863e0 00007f1df1006275
0x00007f1de0286300:   0000000000000000 00007f1df100edd7
0x00007f1de0286310:   000000003f800000 0000000000000001
0x00007f1de0286320:   0000000000000000 0000000000000000
0x00007f1de0286330:   0000000000000001 0000000000000001
0x00007f1de0286340:   00007f1d00000000 0000000000000000
0x00007f1de0286350:   0000000000000000 0000000000000000
0x00007f1de0286360:   0000000000000000 00007f1d00000000
0x00007f1de0286370:   00007f1d00000000 00007f1d00000000 

Instructions: (pc=0x00007f1de3376634)
0x00007f1de3376614:   48 63 f6 0f b6 2c 30 83 fd 0d 0f 87 b0 01 00 00
0x00007f1de3376624:   48 63 ed 48 8d 45 02 48 8b 0c c7 48 85 c9 74 44
0x00007f1de3376634:   48 8b 11 48 89 14 c7 48 89 c8 48 8b 1c 24 48 8b
0x00007f1de3376644:   6c 24 08 4c 8b 64 24 10 48 83 c4 18 c3 0f 1f 80 

Register to memory mapping:

RAX=0x0000000000000008 is an unknown value
RBX=0x00007f1d9c69d2a0 is an unknown value
RCX=0x00007f1f9c6b73b0 is an unknown value
RDX=0x00007f1d9c69d2a0 is an unknown value
RSP=0x00007f1de0286180 is pointing into the stack for thread: 0x00007f1df430b800
RBP=0x0000000000000006 is an unknown value
RSI=0x00000000000000b8 is an unknown value
RDI=0x00007f1d9c69d2a0 is an unknown value
R8 =0x0000000000000001 is an unknown value
R9 =0x0000000000000001 is an unknown value
R10=0x0000000000000000 is an unknown value
R11=0x00007f1dfa4a31a0: <offset 0x7d11a0> in /usr/lib/jvm/java-7-oracle/jre/lib/amd64/server/libjvm.so at 0x00007f1df9cd2000
R12=0x0000000000000000 is an unknown value
R13=0x00000000c62a2db0 is an oop
{method} 
 - klass: {other class}
R14=0x00007f1de0286398 is pointing into the stack for thread: 0x00007f1df430b800
R15=0x00007f1df430b800 is a thread


Stack: [0x00007f1de0187000,0x00007f1de0288000],  sp=0x00007f1de0286180,  free space=1020k
Native frames: (J=compiled Java code, j=interpreted, Vv=VM code, C=native code)
C  [libgdx64.so+0x22634]  b2BlockAllocator::Allocate(int)+0x54

Java frames: (J=compiled Java code, j=interpreted, Vv=VM code)
j  com.badlogic.gdx.physics.box2d.World.jniCreateBody(JIFFFFFFFFZZZZZF)J+0
j  com.badlogic.gdx.physics.box2d.World.createBody(Lcom/badlogic/gdx/physics/box2d/BodyDef;)Lcom/badlogic/gdx/physics/box2d/Body;+80
j  com.hajnar.GravityShip.GameObjects.GameObject.<init>(Lcom/badlogic/gdx/physics/box2d/World;Lcom/badlogic/gdx/physics/box2d/BodyDef$BodyType;IFFF)V+43
j  com.hajnar.GravityShip.GameObjects.Bullet.<init>(Lcom/badlogic/gdx/physics/box2d/World;FFLcom/badlogic/gdx/math/Vector2;)V+9
j  com.hajnar.GravityShip.GameWorld$1.newObject()Lcom/hajnar/GravityShip/GameObjects/Bullet;+22
j  com.hajnar.GravityShip.GameWorld$1.newObject()Ljava/lang/Object;+1
j  com.badlogic.gdx.utils.Pool.obtain()Ljava/lang/Object;+11
j  com.hajnar.GravityShip.GameWorld.updateCanons()V+86
j  com.hajnar.GravityShip.GameWorld.update(F)V+55
j  com.hajnar.GravityShip.Screens.GameScreen.render(F)V+16
j  com.hajnar.GravityShip.GravityShip.render()V+12
j  com.badlogic.gdx.backends.lwjgl.LwjglApplication.mainLoop()V+491
j  com.badlogic.gdx.backends.lwjgl.LwjglApplication$1.run()V+27
v  ~StubRoutines::call_stub

---------------  P R O C E S S  ---------------

Java Threads: ( => current thread )
  0x00007f1d9c00f800 JavaThread "process reaper" daemon [_thread_blocked, id=21486, stack(0x00007f1de8081000,0x00007f1de80a9000)]
  0x00007f1df4009000 JavaThread "DestroyJavaVM" [_thread_blocked, id=21466, stack(0x00007f1dfb4f3000,0x00007f1dfb5f4000)]
=>0x00007f1df430b800 JavaThread "LWJGL Application" [_thread_in_native, id=21484, stack(0x00007f1de0187000,0x00007f1de0288000)]
  0x00007f1df4281000 JavaThread "AWT-XAWT" daemon [_thread_in_native, id=21480, stack(0x00007f1de2929000,0x00007f1de2a2a000)]
  0x00007f1df4249000 JavaThread "Java2D Disposer" daemon [_thread_blocked, id=21479, stack(0x00007f1de80d2000,0x00007f1de81d3000)]
  0x00007f1df40f1800 JavaThread "Service Thread" daemon [_thread_blocked, id=21477, stack(0x00007f1de9179000,0x00007f1de927a000)]
  0x00007f1df40ef000 JavaThread "C2 CompilerThread1" daemon [_thread_blocked, id=21476, stack(0x00007f1de927a000,0x00007f1de937b000)]
  0x00007f1df40ec800 JavaThread "C2 CompilerThread0" daemon [_thread_blocked, id=21475, stack(0x00007f1de937b000,0x00007f1de947c000)]
  0x00007f1df40ea000 JavaThread "Signal Dispatcher" daemon [_thread_blocked, id=21474, stack(0x00007f1de947c000,0x00007f1de957d000)]
  0x00007f1df409c000 JavaThread "Finalizer" daemon [_thread_blocked, id=21473, stack(0x00007f1de9863000,0x00007f1de9964000)]
  0x00007f1df409a000 JavaThread "Reference Handler" daemon [_thread_blocked, id=21472, stack(0x00007f1de9964000,0x00007f1de9a65000)]

Other Threads:
  0x00007f1df4092800 VMThread [stack: 0x00007f1de9a65000,0x00007f1de9b66000] [id=21471]
  0x00007f1df40fc000 WatcherThread [stack: 0x00007f1de9078000,0x00007f1de9179000] [id=21478]

VM state:not at safepoint (normal execution)

VM Mutex/Monitor currently owned by a thread: None

Heap
 PSYoungGen      total 15936K, used 14627K [0x00000000ee400000, 0x00000000ef5c0000, 0x0000000100000000)
  eden space 13696K, 90% used [0x00000000ee400000,0x00000000ef019ea0,0x00000000ef160000)
  from space 2240K, 99% used [0x00000000ef160000,0x00000000ef38ed98,0x00000000ef390000)
  to   space 2240K, 0% used [0x00000000ef390000,0x00000000ef390000,0x00000000ef5c0000)
 ParOldGen       total 36352K, used 887K [0x00000000cac00000, 0x00000000ccf80000, 0x00000000ee400000)
  object space 36352K, 2% used [0x00000000cac00000,0x00000000cacddd38,0x00000000ccf80000)
 PSPermGen       total 21248K, used 9427K [0x00000000c5a00000, 0x00000000c6ec0000, 0x00000000cac00000)
  object space 21248K, 44% used [0x00000000c5a00000,0x00000000c6334d38,0x00000000c6ec0000)

Card table byte_map: [0x00007f1df8761000,0x00007f1df8935000] byte_map_base: 0x00007f1df8134000

Polling page: 0x00007f1dfb619000

Code Cache  [0x00007f1df1000000, 0x00007f1df1270000, 0x00007f1df4000000)
 total_blobs=773 nmethods=260 adapters=466 free_code_cache=47945Kb largest_free_block=49065152

Compilation events (10 events):
Event: 8,965 Thread 0x00007f1df40ec800  252             com.badlogic.gdx.graphics.g2d.SpriteBatch::renderMesh (272 bytes)
Event: 8,978 Thread 0x00007f1df40ef000  253             org.lwjgl.opengl.LinuxMouse::poll (106 bytes)
Event: 8,979 Thread 0x00007f1df40ec800 nmethod 252 0x00007f1df1133950 code [0x00007f1df1133be0, 0x00007f1df11344e0]
Event: 8,990 Thread 0x00007f1df40ef000 nmethod 253 0x00007f1df11137d0 code [0x00007f1df1113940, 0x00007f1df1113c98]
Event: 9,131 Thread 0x00007f1df40ec800  254             java.util.concurrent.locks.AbstractQueuedSynchronizer::getState (5 bytes)
Event: 9,132 Thread 0x00007f1df40ec800 nmethod 254 0x00007f1df11135d0 code [0x00007f1df1113700, 0x00007f1df1113758]
Event: 9,197 Thread 0x00007f1df40ef000  255             com.badlogic.gdx.graphics.g2d.TextureRegion::getRegionWidth (5 bytes)
Event: 9,197 Thread 0x00007f1df40ec800  256             com.badlogic.gdx.graphics.g2d.TextureRegion::getRegionHeight (5 bytes)
Event: 9,198 Thread 0x00007f1df40ec800 nmethod 256 0x00007f1df112c290 code [0x00007f1df112c3c0, 0x00007f1df112c418]
Event: 9,198 Thread 0x00007f1df40ef000 nmethod 255 0x00007f1df11308d0 code [0x00007f1df1130a00, 0x00007f1df1130a58]

GC Heap History (2 events):
Event: 1,006 GC heap before
{Heap before GC invocations=1 (full 0):
 PSYoungGen      total 15936K, used 13474K [0x00000000ee400000, 0x00000000ef5c0000, 0x0000000100000000)
  eden space 13696K, 98% used [0x00000000ee400000,0x00000000ef128928,0x00000000ef160000)
  from space 2240K, 0% used [0x00000000ef390000,0x00000000ef390000,0x00000000ef5c0000)
  to   space 2240K, 0% used [0x00000000ef160000,0x00000000ef160000,0x00000000ef390000)
 ParOldGen       total 36352K, used 0K [0x00000000cac00000, 0x00000000ccf80000, 0x00000000ee400000)
  object space 36352K, 0% used [0x00000000cac00000,0x00000000cac00000,0x00000000ccf80000)
 PSPermGen       total 21248K, used 7905K [0x00000000c5a00000, 0x00000000c6ec0000, 0x00000000cac00000)
  object space 21248K, 37% used [0x00000000c5a00000,0x00000000c61b8680,0x00000000c6ec0000)
Event: 1,009 GC heap after
Heap after GC invocations=1 (full 0):
 PSYoungGen      total 15936K, used 2235K [0x00000000ee400000, 0x00000000ef5c0000, 0x0000000100000000)
  eden space 13696K, 0% used [0x00000000ee400000,0x00000000ee400000,0x00000000ef160000)
  from space 2240K, 99% used [0x00000000ef160000,0x00000000ef38ed98,0x00000000ef390000)
  to   space 2240K, 0% used [0x00000000ef390000,0x00000000ef390000,0x00000000ef5c0000)
 ParOldGen       total 36352K, used 887K [0x00000000cac00000, 0x00000000ccf80000, 0x00000000ee400000)
  object space 36352K, 2% used [0x00000000cac00000,0x00000000cacddd38,0x00000000ccf80000)
 PSPermGen       total 21248K, used 7905K [0x00000000c5a00000, 0x00000000c6ec0000, 0x00000000cac00000)
  object space 21248K, 37% used [0x00000000c5a00000,0x00000000c61b8680,0x00000000c6ec0000)
}

Deoptimization events (0 events):
No events

Internal exceptions (10 events):
Event: 1,947 Thread 0x00007f1df430b800 Threw 0x00000000eedbbe20 at /HUDSON/workspace/jdk7u21-2-build-linux-amd64-product/jdk7u21/hotspot/src/share/vm/prims/jvm.cpp:1166
Event: 1,947 Thread 0x00007f1df430b800 Threw 0x00000000eedc0188 at /HUDSON/workspace/jdk7u21-2-build-linux-amd64-product/jdk7u21/hotspot/src/share/vm/prims/jvm.cpp:1166
Event: 1,952 Thread 0x00007f1df430b800 Threw 0x00000000eedcaae0 at /HUDSON/workspace/jdk7u21-2-build-linux-amd64-product/jdk7u21/hotspot/src/share/vm/prims/jvm.cpp:1166
Event: 1,952 Thread 0x00007f1df430b800 Threw 0x00000000eedcfcc8 at /HUDSON/workspace/jdk7u21-2-build-linux-amd64-product/jdk7u21/hotspot/src/share/vm/prims/jvm.cpp:1166
Event: 1,953 Thread 0x00007f1df430b800 Threw 0x00000000eedd4320 at /HUDSON/workspace/jdk7u21-2-build-linux-amd64-product/jdk7u21/hotspot/src/share/vm/prims/jvm.cpp:1166
Event: 1,953 Thread 0x00007f1df430b800 Threw 0x00000000eedd8dd8 at /HUDSON/workspace/jdk7u21-2-build-linux-amd64-product/jdk7u21/hotspot/src/share/vm/prims/jvm.cpp:1166
Event: 2,512 Thread 0x00007f1df430b800 Threw 0x00000000eede7210 at /HUDSON/workspace/jdk7u21-2-build-linux-amd64-product/jdk7u21/hotspot/src/share/vm/prims/jvm.cpp:1166
Event: 2,515 Thread 0x00007f1df430b800 Threw 0x00000000eedf4c70 at /HUDSON/workspace/jdk7u21-2-build-linux-amd64-product/jdk7u21/hotspot/src/share/vm/prims/jvm.cpp:1166
Event: 2,551 Thread 0x00007f1df430b800 Threw 0x00000000eedf9900 at /HUDSON/workspace/jdk7u21-2-build-linux-amd64-product/jdk7u21/hotspot/src/share/vm/prims/jvm.cpp:1166
Event: 3,395 Thread 0x00007f1df430b800 Threw 0x00000000eee20968 at /HUDSON/workspace/jdk7u21-2-build-linux-amd64-product/jdk7u21/hotspot/src/share/vm/prims/jvm.cpp:1166

Events (10 events):
Event: 2,512 loading class 0x00007f1d9c03dcb0
Event: 2,512 loading class 0x00007f1d9c03dcb0 done
Event: 2,514 loading class 0x00007f1df42a4af0
Event: 2,514 loading class 0x00007f1df42a4af0 done
Event: 2,551 loading class 0x00007f1d9c81c9a0
Event: 2,551 loading class 0x00007f1d9c81c9a0 done
Event: 3,395 loading class 0x00007f1d9c811c80
Event: 3,395 loading class 0x00007f1d9c811c80 done
Event: 4,050 Executing VM operation: EnableBiasedLocking
Event: 4,051 Executing VM operation: EnableBiasedLocking done


Dynamic libraries:
00400000-00401000 r-xp 00000000 08:05 1966523                            /usr/lib/jvm/java-7-oracle/bin/java
00600000-00601000 rw-p 00000000 08:05 1966523                            /usr/lib/jvm/java-7-oracle/bin/java
01927000-01948000 rw-p 00000000 00:00 0                                  [heap]
c5a00000-c6ec0000 rw-p 00000000 00:00 0 
c6ec0000-cac00000 rw-p 00000000 00:00 0 
cac00000-ccf80000 rw-p 00000000 00:00 0 
ccf80000-ee400000 rw-p 00000000 00:00 0 
ee400000-ef5c0000 rw-p 00000000 00:00 0 
ef5c0000-100000000 rw-p 00000000 00:00 0 
7f1d90000000-7f1d90021000 rw-p 00000000 00:00 0 
7f1d90021000-7f1d94000000 ---p 00000000 00:00 0 
7f1d98000000-7f1d98021000 rw-p 00000000 00:00 0 
7f1d98021000-7f1d9c000000 ---p 00000000 00:00 0 
7f1d9c000000-7f1d9d5a5000 rw-p 00000000 00:00 0 
7f1d9d5a5000-7f1da0000000 ---p 00000000 00:00 0 
7f1da0000000-7f1da0021000 rw-p 00000000 00:00 0 
7f1da0021000-7f1da4000000 ---p 00000000 00:00 0 
7f1da71da000-7f1da71fd000 r-xp 00000000 08:05 1715675                    /tmp/libgdxjaha/3111854029/libgdx-controllers-desktop64.so
7f1da71fd000-7f1da73fd000 ---p 00023000 08:05 1715675                    /tmp/libgdxjaha/3111854029/libgdx-controllers-desktop64.so
7f1da73fd000-7f1da73fe000 r--p 00023000 08:05 1715675                    /tmp/libgdxjaha/3111854029/libgdx-controllers-desktop64.so
7f1da73fe000-7f1da73ff000 rw-p 00024000 08:05 1715675                    /tmp/libgdxjaha/3111854029/libgdx-controllers-desktop64.so
7f1da73ff000-7f1da79ff000 rw-s 10a8ec000 00:05 1521                      /dev/dri/card0
7f1da79ff000-7f1da7fff000 rw-s 10a2ec000 00:05 1521                      /dev/dri/card0
7f1da7fff000-7f1dac000000 rw-s 00000000 00:13 389277                     /run/shm/pulse-shm-3168937264
7f1dac000000-7f1dac021000 rw-p 00000000 00:00 0 
7f1dac021000-7f1db0000000 ---p 00000000 00:00 0 
7f1db0000000-7f1db0021000 rw-p 00000000 00:00 0 
7f1db0021000-7f1db4000000 ---p 00000000 00:00 0 
7f1db4000000-7f1db4021000 rw-p 00000000 00:00 0 
7f1db4021000-7f1db8000000 ---p 00000000 00:00 0 
7f1db8000000-7f1db8021000 rw-p 00000000 00:00 0 
7f1db8021000-7f1dbc000000 ---p 00000000 00:00 0 
7f1dbc000000-7f1dbc716000 rw-p 00000000 00:00 0 
7f1dbc716000-7f1dc0000000 ---p 00000000 00:00 0 
7f1dc0000000-7f1dc0a94000 rw-p 00000000 00:00 0 
7f1dc0a94000-7f1dc4000000 ---p 00000000 00:00 0 
7f1dc4000000-7f1dc4021000 rw-p 00000000 00:00 0 
7f1dc4021000-7f1dc8000000 ---p 00000000 00:00 0 
7f1dc8000000-7f1dc8021000 rw-p 00000000 00:00 0 
7f1dc8021000-7f1dcc000000 ---p 00000000 00:00 0 
7f1dcc000000-7f1dcc021000 rw-p 00000000 00:00 0 
7f1dcc021000-7f1dd0000000 ---p 00000000 00:00 0 
7f1dd0000000-7f1dd0021000 rw-p 00000000 00:00 0 
7f1dd0021000-7f1dd4000000 ---p 00000000 00:00 0 
7f1dd4000000-7f1dd4021000 rw-p 00000000 00:00 0 
7f1dd4021000-7f1dd8000000 ---p 00000000 00:00 0 
7f1dd805c000-7f1dd81dc000 rw-s 10b24c000 00:05 1521                      /dev/dri/card0
7f1dd81dc000-7f1dd84dc000 rw-s 109fec000 00:05 1521                      /dev/dri/card0
7f1dd84fd000-7f1dd855d000 rw-s 10b1ec000 00:05 1521                      /dev/dri/card0
7f1dd855d000-7f1dd86dd000 rw-s 10b06c000 00:05 1521                      /dev/dri/card0
7f1dd86dd000-7f1dd961d000 rw-p 00000000 00:00 0 
7f1dd961d000-7f1dd964f000 r-xp 00000000 08:05 1840752                    /usr/lib/x86_64-linux-gnu/libtxc_dxtn_s2tc.so.0.0.0
7f1dd964f000-7f1dd984e000 ---p 00032000 08:05 1840752                    /usr/lib/x86_64-linux-gnu/libtxc_dxtn_s2tc.so.0.0.0
7f1dd984e000-7f1dd984f000 r--p 00031000 08:05 1840752                    /usr/lib/x86_64-linux-gnu/libtxc_dxtn_s2tc.so.0.0.0
7f1dd984f000-7f1dd9850000 rw-p 00032000 08:05 1840752                    /usr/lib/x86_64-linux-gnu/libtxc_dxtn_s2tc.so.0.0.0
7f1dd9850000-7f1dd9866000 r-xp 00000000 08:05 397125                     /lib/x86_64-linux-gnu/libz.so.1.2.7
7f1dd9866000-7f1dd9a65000 ---p 00016000 08:05 397125                     /lib/x86_64-linux-gnu/libz.so.1.2.7
7f1dd9a65000-7f1dd9a66000 r--p 00015000 08:05 397125                     /lib/x86_64-linux-gnu/libz.so.1.2.7
7f1dd9a66000-7f1dd9a67000 rw-p 00016000 08:05 397125                     /lib/x86_64-linux-gnu/libz.so.1.2.7
7f1dd9a67000-7f1dd9a6f000 r-xp 00000000 08:05 1843732                    /usr/lib/x86_64-linux-gnu/libpciaccess.so.0.11.1
7f1dd9a6f000-7f1dd9c6e000 ---p 00008000 08:05 1843732                    /usr/lib/x86_64-linux-gnu/libpciaccess.so.0.11.1
7f1dd9c6e000-7f1dd9c6f000 r--p 00007000 08:05 1843732                    /usr/lib/x86_64-linux-gnu/libpciaccess.so.0.11.1
7f1dd9c6f000-7f1dd9c70000 rw-p 00008000 08:05 1843732                    /usr/lib/x86_64-linux-gnu/libpciaccess.so.0.11.1
7f1dd9c70000-7f1dd9c8f000 r-xp 00000000 08:05 1836303                    /usr/lib/x86_64-linux-gnu/libdrm_intel.so.1.0.0
7f1dd9c8f000-7f1dd9e8e000 ---p 0001f000 08:05 1836303                    /usr/lib/x86_64-linux-gnu/libdrm_intel.so.1.0.0
7f1dd9e8e000-7f1dd9e8f000 r--p 0001e000 08:05 1836303                    /usr/lib/x86_64-linux-gnu/libdrm_intel.so.1.0.0
7f1dd9e8f000-7f1dd9e90000 rw-p 0001f000 08:05 1836303                    /usr/lib/x86_64-linux-gnu/libdrm_intel.so.1.0.0
7f1dd9e90000-7f1dd9eb6000 r-xp 00000000 08:05 397094                     /lib/x86_64-linux-gnu/libexpat.so.1.6.0
7f1dd9eb6000-7f1dda0b6000 ---p 00026000 08:05 397094                     /lib/x86_64-linux-gnu/libexpat.so.1.6.0
7f1dda0b6000-7f1dda0b8000 r--p 00026000 08:05 397094                     /lib/x86_64-linux-gnu/libexpat.so.1.6.0
7f1dda0b8000-7f1dda0b9000 rw-p 00028000 08:05 397094                     /lib/x86_64-linux-gnu/libexpat.so.1.6.0
7f1dda0b9000-7f1dda456000 r-xp 00000000 08:05 1844070                    /usr/lib/x86_64-linux-gnu/libdricore9.1.1.so.1.0.0
7f1dda456000-7f1dda655000 ---p 0039d000 08:05 1844070                    /usr/lib/x86_64-linux-gnu/libdricore9.1.1.so.1.0.0
7f1dda655000-7f1dda666000 r--p 0039c000 08:05 1844070                    /usr/lib/x86_64-linux-gnu/libdricore9.1.1.so.1.0.0
7f1dda666000-7f1dda670000 rw-p 003ad000 08:05 1844070                    /usr/lib/x86_64-linux-gnu/libdricore9.1.1.so.1.0.0
7f1dda670000-7f1dda687000 rw-p 00000000 00:00 0 
7f1dda687000-7f1dda748000 r-xp 00000000 08:05 1943                       /usr/lib/x86_64-linux-gnu/dri/i965_dri.so
7f1dda748000-7f1dda948000 ---p 000c1000 08:05 1943                       /usr/lib/x86_64-linux-gnu/dri/i965_dri.so
7f1dda948000-7f1dda94b000 r--p 000c1000 08:05 1943                       /usr/lib/x86_64-linux-gnu/dri/i965_dri.so
7f1dda94b000-7f1dda94d000 rw-p 000c4000 08:05 1943                       /usr/lib/x86_64-linux-gnu/dri/i965_dri.so
7f1dda94d000-7f1dda94e000 rw-p 00000000 00:00 0 
7f1dda94e000-7f1dda958000 r-xp 00000000 08:05 1835709                    /usr/lib/x86_64-linux-gnu/libdrm.so.2.4.0
7f1dda958000-7f1ddab57000 ---p 0000a000 08:05 1835709                    /usr/lib/x86_64-linux-gnu/libdrm.so.2.4.0
7f1ddab57000-7f1ddab58000 r--p 00009000 08:05 1835709                    /usr/lib/x86_64-linux-gnu/libdrm.so.2.4.0
7f1ddab58000-7f1ddab59000 rw-p 0000a000 08:05 1835709                    /usr/lib/x86_64-linux-gnu/libdrm.so.2.4.0
7f1ddab59000-7f1ddab5c000 r-xp 00000000 08:05 1835356                    /usr/lib/x86_64-linux-gnu/libxcb-dri2.so.0.0.0
7f1ddab5c000-7f1ddad5c000 ---p 00003000 08:05 1835356                    /usr/lib/x86_64-linux-gnu/libxcb-dri2.so.0.0.0
7f1ddad5c000-7f1ddad5d000 r--p 00003000 08:05 1835356                    /usr/lib/x86_64-linux-gnu/libxcb-dri2.so.0.0.0
7f1ddad5d000-7f1ddad5e000 rw-p 00004000 08:05 1835356                    /usr/lib/x86_64-linux-gnu/libxcb-dri2.so.0.0.0
7f1ddad5e000-7f1ddad73000 r-xp 00000000 08:05 1835112                    /usr/lib/x86_64-linux-gnu/libxcb-glx.so.0.0.0
7f1ddad73000-7f1ddaf72000 ---p 00015000 08:05 1835112                    /usr/lib/x86_64-linux-gnu/libxcb-glx.so.0.0.0
7f1ddaf72000-7f1ddaf74000 r--p 00014000 08:05 1835112                    /usr/lib/x86_64-linux-gnu/libxcb-glx.so.0.0.0
7f1ddaf74000-7f1ddaf75000 rw-p 00016000 08:05 1835112                    /usr/lib/x86_64-linux-gnu/libxcb-glx.so.0.0.0
7f1ddaf75000-7f1ddaf76000 r-xp 00000000 08:05 1835108                    /usr/lib/x86_64-linux-gnu/libX11-xcb.so.1.0.0
7f1ddaf76000-7f1ddb175000 ---p 00001000 08:05 1835108                    /usr/lib/x86_64-linux-gnu/libX11-xcb.so.1.0.0
7f1ddb175000-7f1ddb176000 r--p 00000000 08:05 1835108                    /usr/lib/x86_64-linux-gnu/libX11-xcb.so.1.0.0
7f1ddb176000-7f1ddb177000 rw-p 00001000 08:05 1835108                    /usr/lib/x86_64-linux-gnu/libX11-xcb.so.1.0.0
7f1ddb177000-7f1ddb179000 r-xp 00000000 08:05 1843193                    /usr/lib/x86_64-linux-gnu/libXdamage.so.1.1.0
7f1ddb179000-7f1ddb378000 ---p 00002000 08:05 1843193                    /usr/lib/x86_64-linux-gnu/libXdamage.so.1.1.0
7f1ddb378000-7f1ddb379000 r--p 00001000 08:05 1843193                    /usr/lib/x86_64-linux-gnu/libXdamage.so.1.1.0
7f1ddb379000-7f1ddb37a000 rw-p 00002000 08:05 1843193                    /usr/lib/x86_64-linux-gnu/libXdamage.so.1.1.0
7f1ddb37a000-7f1ddb39b000 r-xp 00000000 08:05 1835145                    /usr/lib/x86_64-linux-gnu/libglapi.so.0.0.0
7f1ddb39b000-7f1ddb59b000 ---p 00021000 08:05 1835145                    /usr/lib/x86_64-linux-gnu/libglapi.so.0.0.0
7f1ddb59b000-7f1ddb59e000 r--p 00021000 08:05 1835145                    /usr/lib/x86_64-linux-gnu/libglapi.so.0.0.0
7f1ddb59e000-7f1ddb59f000 rw-p 00024000 08:05 1835145                    /usr/lib/x86_64-linux-gnu/libglapi.so.0.0.0
7f1ddb59f000-7f1ddb5a0000 rw-p 00000000 00:00 0 
7f1ddb5a0000-7f1ddb5fb000 r-xp 00000000 08:05 27                         /usr/lib/x86_64-linux-gnu/mesa/libGL.so.1.2.0
7f1ddb5fb000-7f1ddb7fb000 ---p 0005b000 08:05 27                         /usr/lib/x86_64-linux-gnu/mesa/libGL.so.1.2.0
7f1ddb7fb000-7f1ddb7fd000 r--p 0005b000 08:05 27                         /usr/lib/x86_64-linux-gnu/mesa/libGL.so.1.2.0
7f1ddb7fd000-7f1ddb7fe000 rw-p 0005d000 08:05 27                         /usr/lib/x86_64-linux-gnu/mesa/libGL.so.1.2.0
7f1ddb7fe000-7f1ddb7ff000 rw-p 00000000 00:00 0 
7f1ddb7ff000-7f1ddb800000 ---p 00000000 00:00 0 
7f1ddb800000-7f1ddc000000 rw-p 00000000 00:00 0                          [stack:21482]
7f1ddc000000-7f1ddc021000 rw-p 00000000 00:00 0 
7f1ddc021000-7f1de0000000 ---p 00000000 00:00 0 
7f1de0007000-7f1de0187000 rw-s 10aeec000 00:05 1521                      /dev/dri/card0
7f1de0187000-7f1de018a000 ---p 00000000 00:00 0 
7f1de018a000-7f1de0288000 rw-p 00000000 00:00 0                          [stack:21484]
7f1de0288000-7f1de0289000 ---p 00000000 00:00 0 
7f1de0289000-7f1de0389000 rw-p 00000000 00:00 0                          [stack:21483]
7f1de0389000-7f1de039f000 r-xp 00000000 08:05 400449                     /lib/x86_64-linux-gnu/libresolv-2.17.so
7f1de039f000-7f1de059f000 ---p 00016000 08:05 400449                     /lib/x86_64-linux-gnu/libresolv-2.17.so
7f1de059f000-7f1de05a0000 r--p 00016000 08:05 400449                     /lib/x86_64-linux-gnu/libresolv-2.17.so
7f1de05a0000-7f1de05a1000 rw-p 00017000 08:05 400449                     /lib/x86_64-linux-gnu/libresolv-2.17.so
7f1de05a1000-7f1de05a3000 rw-p 00000000 00:00 0 
7f1de05a3000-7f1de05a9000 r-xp 00000000 08:05 1843700                    /usr/lib/x86_64-linux-gnu/libogg.so.0.8.0
7f1de05a9000-7f1de07a8000 ---p 00006000 08:05 1843700                    /usr/lib/x86_64-linux-gnu/libogg.so.0.8.0
7f1de07a8000-7f1de07a9000 r--p 00005000 08:05 1843700                    /usr/lib/x86_64-linux-gnu/libogg.so.0.8.0
7f1de07a9000-7f1de07aa000 rw-p 00006000 08:05 1843700                    /usr/lib/x86_64-linux-gnu/libogg.so.0.8.0
7f1de07aa000-7f1de07d5000 r-xp 00000000 08:05 1843906                    /usr/lib/x86_64-linux-gnu/libvorbis.so.0.4.5
7f1de07d5000-7f1de09d5000 ---p 0002b000 08:05 1843906                    /usr/lib/x86_64-linux-gnu/libvorbis.so.0.4.5
7f1de09d5000-7f1de09d6000 r--p 0002b000 08:05 1843906                    /usr/lib/x86_64-linux-gnu/libvorbis.so.0.4.5
7f1de09d6000-7f1de09d7000 rw-p 0002c000 08:05 1843906                    /usr/lib/x86_64-linux-gnu/libvorbis.so.0.4.5
7f1de09d7000-7f1de0c8a000 r-xp 00000000 08:05 1843908                    /usr/lib/x86_64-linux-gnu/libvorbisenc.so.2.0.8
7f1de0c8a000-7f1de0e89000 ---p 002b3000 08:05 1843908                    /usr/lib/x86_64-linux-gnu/libvorbisenc.so.2.0.8
7f1de0e89000-7f1de0ea5000 r--p 002b2000 08:05 1843908                    /usr/lib/x86_64-linux-gnu/libvorbisenc.so.2.0.8
7f1de0ea5000-7f1de0ea6000 rw-p 002ce000 08:05 1843908                    /usr/lib/x86_64-linux-gnu/libvorbisenc.so.2.0.8
7f1de0ea6000-7f1de0ef0000 r-xp 00000000 08:05 1843105                    /usr/lib/x86_64-linux-gnu/libFLAC.so.8.2.0
7f1de0ef0000-7f1de10f0000 ---p 0004a000 08:05 1843105                    /usr/lib/x86_64-linux-gnu/libFLAC.so.8.2.0
7f1de10f0000-7f1de10f1000 r--p 0004a000 08:05 1843105                    /usr/lib/x86_64-linux-gnu/libFLAC.so.8.2.0
7f1de10f1000-7f1de10f2000 rw-p 0004b000 08:05 1843105                    /usr/lib/x86_64-linux-gnu/libFLAC.so.8.2.0
7f1de10f2000-7f1de10f7000 r-xp 00000000 08:05 1843253                    /usr/lib/x86_64-linux-gnu/libasyncns.so.0.3.1
7f1de10f7000-7f1de12f6000 ---p 00005000 08:05 1843253                    /usr/lib/x86_64-linux-gnu/libasyncns.so.0.3.1
7f1de12f6000-7f1de12f7000 r--p 00004000 08:05 1843253                    /usr/lib/x86_64-linux-gnu/libasyncns.so.0.3.1
7f1de12f7000-7f1de12f8000 rw-p 00005000 08:05 1843253                    /usr/lib/x86_64-linux-gnu/libasyncns.so.0.3.1
7f1de12f8000-7f1de1357000 r-xp 00000000 08:05 1843817                    /usr/lib/x86_64-linux-gnu/libsndfile.so.1.0.25
7f1de1357000-7f1de1557000 ---p 0005f000 08:05 1843817                    /usr/lib/x86_64-linux-gnu/libsndfile.so.1.0.25
7f1de1557000-7f1de1559000 r--p 0005f000 08:05 1843817                    /usr/lib/x86_64-linux-gnu/libsndfile.so.1.0.25
7f1de1559000-7f1de155a000 rw-p 00061000 08:05 1843817                    /usr/lib/x86_64-linux-gnu/libsndfile.so.1.0.25
7f1de155a000-7f1de155e000 rw-p 00000000 00:00 0 
7f1de155e000-7f1de1566000 r-xp 00000000 08:05 398022                     /lib/x86_64-linux-gnu/libwrap.so.0.7.6
7f1de1566000-7f1de1766000 ---p 00008000 08:05 398022                     /lib/x86_64-linux-gnu/libwrap.so.0.7.6
7f1de1766000-7f1de1767000 r--p 00008000 08:05 398022                     /lib/x86_64-linux-gnu/libwrap.so.0.7.6
7f1de1767000-7f1de1768000 rw-p 00009000 08:05 398022                     /lib/x86_64-linux-gnu/libwrap.so.0.7.6
7f1de1768000-7f1de17ab000 r-xp 00000000 08:05 403149                     /lib/x86_64-linux-gnu/libdbus-1.so.3.7.2
7f1de17ab000-7f1de19aa000 ---p 00043000 08:05 403149                     /lib/x86_64-linux-gnu/libdbus-1.so.3.7.2
7f1de19aa000-7f1de19ab000 r--p 00042000 08:05 403149                     /lib/x86_64-linux-gnu/libdbus-1.so.3.7.2
7f1de19ab000-7f1de19ac000 rw-p 00043000 08:05 403149                     /lib/x86_64-linux-gnu/libdbus-1.so.3.7.2
7f1de19ac000-7f1de1a0e000 r-xp 00000000 08:05 1438                       /usr/lib/x86_64-linux-gnu/pulseaudio/libpulsecommon-3.0.so
7f1de1a0e000-7f1de1c0d000 ---p 00062000 08:05 1438                       /usr/lib/x86_64-linux-gnu/pulseaudio/libpulsecommon-3.0.so
7f1de1c0d000-7f1de1c0e000 r--p 00061000 08:05 1438                       /usr/lib/x86_64-linux-gnu/pulseaudio/libpulsecommon-3.0.so
7f1de1c0e000-7f1de1c0f000 rw-p 00062000 08:05 1438                       /usr/lib/x86_64-linux-gnu/pulseaudio/libpulsecommon-3.0.so
7f1de1c0f000-7f1de1c17000 r-xp 00000000 08:05 415415                     /lib/x86_64-linux-gnu/libjson.so.0.1.0
7f1de1c17000-7f1de1e16000 ---p 00008000 08:05 415415                     /lib/x86_64-linux-gnu/libjson.so.0.1.0
7f1de1e16000-7f1de1e17000 r--p 00007000 08:05 415415                     /lib/x86_64-linux-gnu/libjson.so.0.1.0
7f1de1e17000-7f1de1e18000 rw-p 00008000 08:05 415415                     /lib/x86_64-linux-gnu/libjson.so.0.1.0
7f1de1e18000-7f1de1e5f000 r-xp 00000000 08:05 1835430                    /usr/lib/x86_64-linux-gnu/libpulse.so.0.15.3
7f1de1e5f000-7f1de205e000 ---p 00047000 08:05 1835430                    /usr/lib/x86_64-linux-gnu/libpulse.so.0.15.3
7f1de205e000-7f1de205f000 r--p 00046000 08:05 1835430                    /usr/lib/x86_64-linux-gnu/libpulse.so.0.15.3
7f1de205f000-7f1de2060000 rw-p 00047000 08:05 1835430                    /usr/lib/x86_64-linux-gnu/libpulse.so.0.15.3
7f1de2060000-7f1de20b1000 r-xp 00000000 08:05 1200417                    /tmp/libgdxjaha/2789134151/libopenal64.so
7f1de20b1000-7f1de22b1000 ---p 00051000 08:05 1200417                    /tmp/libgdxjaha/2789134151/libopenal64.so
7f1de22b1000-7f1de22b3000 r--p 00051000 08:05 1200417                    /tmp/libgdxjaha/2789134151/libopenal64.so
7f1de22b3000-7f1de22b4000 rw-p 00053000 08:05 1200417                    /tmp/libgdxjaha/2789134151/libopenal64.so
7f1de22b4000-7f1de22b5000 rw-p 00000000 00:00 0 
7f1de22b5000-7f1de22b9000 r-xp 00000000 08:05 1843227                    /usr/lib/x86_64-linux-gnu/libXxf86vm.so.1.0.0
7f1de22b9000-7f1de24b9000 ---p 00004000 08:05 1843227                    /usr/lib/x86_64-linux-gnu/libXxf86vm.so.1.0.0
7f1de24b9000-7f1de24ba000 r--p 00004000 08:05 1843227                    /usr/lib/x86_64-linux-gnu/libXxf86vm.so.1.0.0
7f1de24ba000-7f1de24bb000 rw-p 00005000 08:05 1843227                    /usr/lib/x86_64-linux-gnu/libXxf86vm.so.1.0.0
7f1de24bb000-7f1de2525000 r-xp 00000000 08:05 1200416                    /tmp/libgdxjaha/2789134151/liblwjgl64.so
7f1de2525000-7f1de2725000 ---p 0006a000 08:05 1200416                    /tmp/libgdxjaha/2789134151/liblwjgl64.so
7f1de2725000-7f1de2727000 r--p 0006a000 08:05 1200416                    /tmp/libgdxjaha/2789134151/liblwjgl64.so
7f1de2727000-7f1de2728000 rw-p 0006c000 08:05 1200416                    /tmp/libgdxjaha/2789134151/liblwjgl64.so
7f1de2728000-7f1de2729000 r-xp 00000000 08:05 1970273                    /usr/lib/jvm/java-7-oracle/jre/lib/amd64/libjawt.so
7f1de2729000-7f1de2928000 ---p 00001000 08:05 1970273                    /usr/lib/jvm/java-7-oracle/jre/lib/amd64/libjawt.so
7f1de2928000-7f1de2929000 rw-p 00000000 08:05 1970273                    /usr/lib/jvm/java-7-oracle/jre/lib/amd64/libjawt.so
7f1de2929000-7f1de292c000 ---p 00000000 00:00 0 
7f1de292c000-7f1de2a2a000 rw-p 00000000 00:00 0                          [stack:21480]
7f1de2a2a000-7f1de2a2f000 r-xp 00000000 08:05 1843199                    /usr/lib/x86_64-linux-gnu/libXfixes.so.3.1.0
7f1de2a2f000-7f1de2c2e000 ---p 00005000 08:05 1843199                    /usr/lib/x86_64-linux-gnu/libXfixes.so.3.1.0
7f1de2c2e000-7f1de2c2f000 r--p 00004000 08:05 1843199                    /usr/lib/x86_64-linux-gnu/libXfixes.so.3.1.0
7f1de2c2f000-7f1de2c30000 rw-p 00005000 08:05 1843199                    /usr/lib/x86_64-linux-gnu/libXfixes.so.3.1.0
7f1de2c30000-7f1de2c39000 r-xp 00000000 08:05 1843191                    /usr/lib/x86_64-linux-gnu/libXcursor.so.1.0.2
7f1de2c39000-7f1de2e39000 ---p 00009000 08:05 1843191                    /usr/lib/x86_64-linux-gnu/libXcursor.so.1.0.2
7f1de2e39000-7f1de2e3a000 r--p 00009000 08:05 1843191                    /usr/lib/x86_64-linux-gnu/libXcursor.so.1.0.2
7f1de2e3a000-7f1de2e3b000 rw-p 0000a000 08:05 1843191                    /usr/lib/x86_64-linux-gnu/libXcursor.so.1.0.2
7f1de2e3b000-7f1de2e4f000 r-xp 00000000 08:05 398062                     /lib/x86_64-linux-gnu/libgcc_s.so.1
7f1de2e4f000-7f1de304f000 ---p 00014000 08:05 398062                     /lib/x86_64-linux-gnu/libgcc_s.so.1
7f1de304f000-7f1de3050000 r--p 00014000 08:05 398062                     /lib/x86_64-linux-gnu/libgcc_s.so.1
7f1de3050000-7f1de3051000 rw-p 00015000 08:05 398062                     /lib/x86_64-linux-gnu/libgcc_s.so.1
7f1de3051000-7f1de3136000 r-xp 00000000 08:05 1835900                    /usr/lib/x86_64-linux-gnu/libstdc++.so.6.0.17
7f1de3136000-7f1de3335000 ---p 000e5000 08:05 1835900                    /usr/lib/x86_64-linux-gnu/libstdc++.so.6.0.17
7f1de3335000-7f1de333d000 r--p 000e4000 08:05 1835900                    /usr/lib/x86_64-linux-gnu/libstdc++.so.6.0.17
7f1de333d000-7f1de333f000 rw-p 000ec000 08:05 1835900                    /usr/lib/x86_64-linux-gnu/libstdc++.so.6.0.17
7f1de333f000-7f1de3354000 rw-p 00000000 00:00 0 
7f1de3354000-7f1de33bc000 r-xp 00000000 08:05 1200414                    /tmp/libgdxjaha/1506174322/libgdx64.so
7f1de33bc000-7f1de35bb000 ---p 00068000 08:05 1200414                    /tmp/libgdxjaha/1506174322/libgdx64.so
7f1de35bb000-7f1de35bd000 r--p 00067000 08:05 1200414                    /tmp/libgdxjaha/1506174322/libgdx64.so
7f1de35bd000-7f1de35be000 rw-p 00069000 08:05 1200414                    /tmp/libgdxjaha/1506174322/libgdx64.so
7f1de35be000-7f1de35bf000 rw-p 00000000 00:00 0 
7f1de35bf000-7f1de35c8000 r-xp 00000000 08:05 1835863                    /usr/lib/x86_64-linux-gnu/libXrandr.so.2.2.0
7f1de35c8000-7f1de37c7000 ---p 00009000 08:05 1835863                    /usr/lib/x86_64-linux-gnu/libXrandr.so.2.2.0
7f1de37c7000-7f1de37c8000 r--p 00008000 08:05 1835863                    /usr/lib/x86_64-linux-gnu/libXrandr.so.2.2.0
7f1de37c8000-7f1de37c9000 rw-p 00009000 08:05 1835863                    /usr/lib/x86_64-linux-gnu/libXrandr.so.2.2.0
7f1de37c9000-7f1de37ce000 r-xp 00000000 08:05 1843195                    /usr/lib/x86_64-linux-gnu/libXdmcp.so.6.0.0
7f1de37ce000-7f1de39cd000 ---p 00005000 08:05 1843195                    /usr/lib/x86_64-linux-gnu/libXdmcp.so.6.0.0
7f1de39cd000-7f1de39ce000 r--p 00004000 08:05 1843195                    /usr/lib/x86_64-linux-gnu/libXdmcp.so.6.0.0
7f1de39ce000-7f1de39cf000 rw-p 00005000 08:05 1843195                    /usr/lib/x86_64-linux-gnu/libXdmcp.so.6.0.0
7f1de39cf000-7f1de39d1000 r-xp 00000000 08:05 1843184                    /usr/lib/x86_64-linux-gnu/libXau.so.6.0.0
7f1de39d1000-7f1de3bd1000 ---p 00002000 08:05 1843184                    /usr/lib/x86_64-linux-gnu/libXau.so.6.0.0
7f1de3bd1000-7f1de3bd2000 r--p 00002000 08:05 1843184                    /usr/lib/x86_64-linux-gnu/libXau.so.6.0.0
7f1de3bd2000-7f1de3bd3000 rw-p 00003000 08:05 1843184                    /usr/lib/x86_64-linux-gnu/libXau.so.6.0.0
7f1de3bd3000-7f1de3bf0000 r-xp 00000000 08:05 1836448                    /usr/lib/x86_64-linux-gnu/libxcb.so.1.1.0
7f1de3bf0000-7f1de3def000 ---p 0001d000 08:05 1836448                    /usr/lib/x86_64-linux-gnu/libxcb.so.1.1.0
7f1de3def000-7f1de3df0000 r--p 0001c000 08:05 1836448                    /usr/lib/x86_64-linux-gnu/libxcb.so.1.1.0
7f1de3df0000-7f1de3df1000 rw-p 0001d000 08:05 1836448                    /usr/lib/x86_64-linux-gnu/libxcb.so.1.1.0
7f1de3df1000-7f1de3dff000 r-xp 00000000 08:05 1835858                    /usr/lib/x86_64-linux-gnu/libXi.so.6.1.0
7f1de3dff000-7f1de3ffe000 ---p 0000e000 08:05 1835858                    /usr/lib/x86_64-linux-gnu/libXi.so.6.1.0
7f1de3ffe000-7f1de3fff000 r--p 0000d000 08:05 1835858                    /usr/lib/x86_64-linux-gnu/libXi.so.6.1.0
7f1de3fff000-7f1de4000000 rw-p 0000e000 08:05 1835858                    /usr/lib/x86_64-linux-gnu/libXi.so.6.1.0
7f1de4000000-7f1de4021000 rw-p 00000000 00:00 0 
7f1de4021000-7f1de8000000 ---p 00000000 00:00 0 
7f1de8000000-7f1de8074000 rw-p 00000000 00:00 0 
7f1de8081000-7f1de8084000 ---p 00000000 00:00 0 
7f1de8084000-7f1de80d2000 rw-p 00000000 00:00 0                          [stack:21486]
7f1de80d2000-7f1de80d5000 ---p 00000000 00:00 0 
7f1de80d5000-7f1de81d3000 rw-p 00000000 00:00 0                          [stack:21479]
7f1de81d3000-7f1de81d8000 r-xp 00000000 08:05 1843221                    /usr/lib/x86_64-linux-gnu/libXtst.so.6.1.0
7f1de81d8000-7f1de83d7000 ---p 00005000 08:05 1843221                    /usr/lib/x86_64-linux-gnu/libXtst.so.6.1.0
7f1de83d7000-7f1de83d8000 r--p 00004000 08:05 1843221                    /usr/lib/x86_64-linux-gnu/libXtst.so.6.1.0
7f1de83d8000-7f1de83d9000 rw-p 00005000 08:05 1843221                    /usr/lib/x86_64-linux-gnu/libXtst.so.6.1.0
7f1de83d9000-7f1de83e2000 r-xp 00000000 08:05 1843217                    /usr/lib/x86_64-linux-gnu/libXrender.so.1.3.0
7f1de83e2000-7f1de85e1000 ---p 00009000 08:05 1843217                    /usr/lib/x86_64-linux-gnu/libXrender.so.1.3.0
7f1de85e1000-7f1de85e2000 r--p 00008000 08:05 1843217                    /usr/lib/x86_64-linux-gnu/libXrender.so.1.3.0
7f1de85e2000-7f1de85e3000 rw-p 00009000 08:05 1843217                    /usr/lib/x86_64-linux-gnu/libXrender.so.1.3.0
7f1de85e3000-7f1de8717000 r-xp 00000000 08:05 1836454                    /usr/lib/x86_64-linux-gnu/libX11.so.6.3.0
7f1de8717000-7f1de8917000 ---p 00134000 08:05 1836454                    /usr/lib/x86_64-linux-gnu/libX11.so.6.3.0
7f1de8917000-7f1de8918000 r--p 00134000 08:05 1836454                    /usr/lib/x86_64-linux-gnu/libX11.so.6.3.0
7f1de8918000-7f1de891d000 rw-p 00135000 08:05 1836454                    /usr/lib/x86_64-linux-gnu/libX11.so.6.3.0
7f1de891d000-7f1de892d000 r-xp 00000000 08:05 1843197                    /usr/lib/x86_64-linux-gnu/libXext.so.6.4.0
7f1de892d000-7f1de8b2d000 ---p 00010000 08:05 1843197                    /usr/lib/x86_64-linux-gnu/libXext.so.6.4.0
7f1de8b2d000-7f1de8b2e000 r--p 00010000 08:05 1843197                    /usr/lib/x86_64-linux-gnu/libXext.so.6.4.0
7f1de8b2e000-7f1de8b2f000 rw-p 00011000 08:05 1843197                    /usr/lib/x86_64-linux-gnu/libXext.so.6.4.0
7f1de8b51000-7f1de8ba1000 r-xp 00000000 08:05 1970280                    /usr/lib/jvm/java-7-oracle/jre/lib/amd64/xawt/libmawt.so
7f1de8ba1000-7f1de8da1000 ---p 00050000 08:05 1970280                    /usr/lib/jvm/java-7-oracle/jre/lib/amd64/xawt/libmawt.so
7f1de8da1000-7f1de8da5000 rw-p 00050000 08:05 1970280                    /usr/lib/jvm/java-7-oracle/jre/lib/amd64/xawt/libmawt.so
7f1de8da5000-7f1de8da6000 rw-p 00000000 00:00 0 
7f1de8da6000-7f1de8e48000 r-xp 00000000 08:05 1970249                    /usr/lib/jvm/java-7-oracle/jre/lib/amd64/libawt.so
7f1de8e48000-7f1de9048000 ---p 000a2000 08:05 1970249                    /usr/lib/jvm/java-7-oracle/jre/lib/amd64/libawt.so
7f1de9048000-7f1de9054000 rw-p 000a2000 08:05 1970249                    /usr/lib/jvm/java-7-oracle/jre/lib/amd64/libawt.so
7f1de9054000-7f1de9078000 rw-p 00000000 00:00 0 
7f1de9078000-7f1de9079000 ---p 00000000 00:00 0 
7f1de9079000-7f1de9179000 rw-p 00000000 00:00 0                          [stack:21478]
7f1de9179000-7f1de917c000 ---p 00000000 00:00 0 
7f1de917c000-7f1de927a000 rw-p 00000000 00:00 0                          [stack:21477]
7f1de927a000-7f1de927d000 ---p 00000000 00:00 0 
7f1de927d000-7f1de937b000 rw-p 00000000 00:00 0                          [stack:21476]
7f1de937b000-7f1de937e000 ---p 00000000 00:00 0 
7f1de937e000-7f1de947c000 rw-p 00000000 00:00 0                          [stack:21475]
7f1de947c000-7f1de947f000 ---p 00000000 00:00 0 
7f1de947f000-7f1de957d000 rw-p 00000000 00:00 0                          [stack:21474]
7f1de957d000-7f1de9863000 r--p 00000000 08:05 1849774                    /usr/lib/locale/locale-archive
7f1de9863000-7f1de9866000 ---p 00000000 00:00 0 
7f1de9866000-7f1de9964000 rw-p 00000000 00:00 0                          [stack:21473]
7f1de9964000-7f1de9967000 ---p 00000000 00:00 0 
7f1de9967000-7f1de9a65000 rw-p 00000000 00:00 0                          [stack:21472]
7f1de9a65000-7f1de9a66000 ---p 00000000 00:00 0 
7f1de9a66000-7f1dec000000 rw-p 00000000 00:00 0                          [stack:21471]
7f1dec000000-7f1dec021000 rw-p 00000000 00:00 0 
7f1dec021000-7f1df0000000 ---p 00000000 00:00 0 
7f1df001b000-7f1df1000000 rw-p 00000000 00:00 0 
7f1df1000000-7f1df1270000 rwxp 00000000 00:00 0 
7f1df1270000-7f1df4315000 rw-p 00000000 00:00 0 
7f1df4315000-7f1df8000000 ---p 00000000 00:00 0 
7f1df8001000-7f1df8003000 rw-s 00000000 00:04 388522                     /drm mm object (deleted)
7f1df8003000-7f1df8004000 rw-s 00000000 00:04 388519                     /drm mm object (deleted)
7f1df8004000-7f1df8005000 rw-s 00000000 00:04 389309                     /drm mm object (deleted)
7f1df8005000-7f1df8006000 rw-s 00000000 00:04 388510                     /drm mm object (deleted)
7f1df8006000-7f1df8007000 rw-s 00000000 00:04 388516                     /drm mm object (deleted)
7f1df8007000-7f1df8008000 rw-s 00000000 00:04 388515                     /drm mm object (deleted)
7f1df8008000-7f1df8009000 rw-s 00000000 00:04 388514                     /drm mm object (deleted)
7f1df8009000-7f1df800a000 rw-s 00000000 00:04 390241                     /drm mm object (deleted)
7f1df800a000-7f1df800b000 rw-s 00000000 00:04 388503                     /drm mm object (deleted)
7f1df800b000-7f1df8012000 r--s 00000000 08:05 36609                      /usr/lib/x86_64-linux-gnu/gconv/gconv-modules.cache
7f1df8012000-7f1df8033000 rw-p 00000000 00:00 0 
7f1df8033000-7f1df81f0000 r--s 039de000 08:05 1971174                    /usr/lib/jvm/java-7-oracle/jre/lib/rt.jar
7f1df81f0000-7f1df8218000 rw-p 00000000 00:00 0 
7f1df8218000-7f1df8219000 ---p 00000000 00:00 0 
7f1df8219000-7f1df8319000 rw-p 00000000 00:00 0                          [stack:21470]
7f1df8319000-7f1df831a000 ---p 00000000 00:00 0 
7f1df831a000-7f1df841a000 rw-p 00000000 00:00 0                          [stack:21469]
7f1df841a000-7f1df841b000 ---p 00000000 00:00 0 
7f1df841b000-7f1df851b000 rw-p 00000000 00:00 0                          [stack:21468]
7f1df851b000-7f1df851c000 ---p 00000000 00:00 0 
7f1df851c000-7f1df8627000 rw-p 00000000 00:00 0                          [stack:21467]
7f1df8627000-7f1df8645000 rw-p 00000000 00:00 0 
7f1df8645000-7f1df8657000 rw-p 00000000 00:00 0 
7f1df8657000-7f1df8761000 rw-p 00000000 00:00 0 
7f1df8761000-7f1df876c000 rw-p 00000000 00:00 0 
7f1df876c000-7f1df878a000 rw-p 00000000 00:00 0 
7f1df878a000-7f1df879c000 rw-p 00000000 00:00 0 
7f1df879c000-7f1df88a6000 rw-p 00000000 00:00 0 
7f1df88a6000-7f1df88af000 rw-p 00000000 00:00 0 
7f1df88af000-7f1df8934000 rw-p 00000000 00:00 0 
7f1df8934000-7f1df8935000 rw-p 00000000 00:00 0 
7f1df8935000-7f1df894f000 r-xp 00000000 08:05 1970300                    /usr/lib/jvm/java-7-oracle/jre/lib/amd64/libzip.so
7f1df894f000-7f1df8b4f000 ---p 0001a000 08:05 1970300                    /usr/lib/jvm/java-7-oracle/jre/lib/amd64/libzip.so
7f1df8b4f000-7f1df8b50000 rw-p 0001a000 08:05 1970300                    /usr/lib/jvm/java-7-oracle/jre/lib/amd64/libzip.so
7f1df8b50000-7f1df8b5c000 r-xp 00000000 08:05 414206                     /lib/x86_64-linux-gnu/libnss_files-2.17.so
7f1df8b5c000-7f1df8d5b000 ---p 0000c000 08:05 414206                     /lib/x86_64-linux-gnu/libnss_files-2.17.so
7f1df8d5b000-7f1df8d5c000 r--p 0000b000 08:05 414206                     /lib/x86_64-linux-gnu/libnss_files-2.17.so
7f1df8d5c000-7f1df8d5d000 rw-p 0000c000 08:05 414206                     /lib/x86_64-linux-gnu/libnss_files-2.17.so
7f1df8d5d000-7f1df8d68000 r-xp 00000000 08:05 414198                     /lib/x86_64-linux-gnu/libnss_nis-2.17.so
7f1df8d68000-7f1df8f67000 ---p 0000b000 08:05 414198                     /lib/x86_64-linux-gnu/libnss_nis-2.17.so
7f1df8f67000-7f1df8f68000 r--p 0000a000 08:05 414198                     /lib/x86_64-linux-gnu/libnss_nis-2.17.so
7f1df8f68000-7f1df8f69000 rw-p 0000b000 08:05 414198                     /lib/x86_64-linux-gnu/libnss_nis-2.17.so
7f1df8f69000-7f1df8f80000 r-xp 00000000 08:05 400439                     /lib/x86_64-linux-gnu/libnsl-2.17.so
7f1df8f80000-7f1df917f000 ---p 00017000 08:05 400439                     /lib/x86_64-linux-gnu/libnsl-2.17.so
7f1df917f000-7f1df9180000 r--p 00016000 08:05 400439                     /lib/x86_64-linux-gnu/libnsl-2.17.so
7f1df9180000-7f1df9181000 rw-p 00017000 08:05 400439                     /lib/x86_64-linux-gnu/libnsl-2.17.so
7f1df9181000-7f1df9183000 rw-p 00000000 00:00 0 
7f1df9183000-7f1df918b000 r-xp 00000000 08:05 400584                     /lib/x86_64-linux-gnu/libnss_compat-2.17.so
7f1df918b000-7f1df938a000 ---p 00008000 08:05 400584                     /lib/x86_64-linux-gnu/libnss_compat-2.17.so
7f1df938a000-7f1df938b000 r--p 00007000 08:05 400584                     /lib/x86_64-linux-gnu/libnss_compat-2.17.so
7f1df938b000-7f1df938c000 rw-p 00008000 08:05 400584                     /lib/x86_64-linux-gnu/libnss_compat-2.17.so
7f1df938c000-7f1df93b5000 r-xp 00000000 08:05 1970276                    /usr/lib/jvm/java-7-oracle/jre/lib/amd64/libjava.so
7f1df93b5000-7f1df95b5000 ---p 00029000 08:05 1970276                    /usr/lib/jvm/java-7-oracle/jre/lib/amd64/libjava.so
7f1df95b5000-7f1df95b7000 rw-p 00029000 08:05 1970276                    /usr/lib/jvm/java-7-oracle/jre/lib/amd64/libjava.so
7f1df95b7000-7f1df95c4000 r-xp 00000000 08:05 1970254                    /usr/lib/jvm/java-7-oracle/jre/lib/amd64/libverify.so
7f1df95c4000-7f1df97c3000 ---p 0000d000 08:05 1970254                    /usr/lib/jvm/java-7-oracle/jre/lib/amd64/libverify.so
7f1df97c3000-7f1df97c5000 rw-p 0000c000 08:05 1970254                    /usr/lib/jvm/java-7-oracle/jre/lib/amd64/libverify.so
7f1df97c5000-7f1df97cc000 r-xp 00000000 08:05 400423                     /lib/x86_64-linux-gnu/librt-2.17.so
7f1df97cc000-7f1df99cb000 ---p 00007000 08:05 400423                     /lib/x86_64-linux-gnu/librt-2.17.so
7f1df99cb000-7f1df99cc000 r--p 00006000 08:05 400423                     /lib/x86_64-linux-gnu/librt-2.17.so
7f1df99cc000-7f1df99cd000 rw-p 00007000 08:05 400423                     /lib/x86_64-linux-gnu/librt-2.17.so
7f1df99cd000-7f1df9ad0000 r-xp 00000000 08:05 408817                     /lib/x86_64-linux-gnu/libm-2.17.so
7f1df9ad0000-7f1df9cd0000 ---p 00103000 08:05 408817                     /lib/x86_64-linux-gnu/libm-2.17.so
7f1df9cd0000-7f1df9cd1000 r--p 00103000 08:05 408817                     /lib/x86_64-linux-gnu/libm-2.17.so
7f1df9cd1000-7f1df9cd2000 rw-p 00104000 08:05 408817                     /lib/x86_64-linux-gnu/libm-2.17.so
7f1df9cd2000-7f1dfa71c000 r-xp 00000000 08:05 1970290                    /usr/lib/jvm/java-7-oracle/jre/lib/amd64/server/libjvm.so
7f1dfa71c000-7f1dfa91b000 ---p 00a4a000 08:05 1970290                    /usr/lib/jvm/java-7-oracle/jre/lib/amd64/server/libjvm.so
7f1dfa91b000-7f1dfa9bf000 rw-p 00a49000 08:05 1970290                    /usr/lib/jvm/java-7-oracle/jre/lib/amd64/server/libjvm.so
7f1dfa9bf000-7f1dfa9fa000 rw-p 00000000 00:00 0 
7f1dfa9fa000-7f1dfabb8000 r-xp 00000000 08:05 400453                     /lib/x86_64-linux-gnu/libc-2.17.so
7f1dfabb8000-7f1dfadb7000 ---p 001be000 08:05 400453                     /lib/x86_64-linux-gnu/libc-2.17.so
7f1dfadb7000-7f1dfadbb000 r--p 001bd000 08:05 400453                     /lib/x86_64-linux-gnu/libc-2.17.so
7f1dfadbb000-7f1dfadbd000 rw-p 001c1000 08:05 400453                     /lib/x86_64-linux-gnu/libc-2.17.so
7f1dfadbd000-7f1dfadc2000 rw-p 00000000 00:00 0 
7f1dfadc2000-7f1dfadc5000 r-xp 00000000 08:05 400455                     /lib/x86_64-linux-gnu/libdl-2.17.so
7f1dfadc5000-7f1dfafc4000 ---p 00003000 08:05 400455                     /lib/x86_64-linux-gnu/libdl-2.17.so
7f1dfafc4000-7f1dfafc5000 r--p 00002000 08:05 400455                     /lib/x86_64-linux-gnu/libdl-2.17.so
7f1dfafc5000-7f1dfafc6000 rw-p 00003000 08:05 400455                     /lib/x86_64-linux-gnu/libdl-2.17.so
7f1dfafc6000-7f1dfafdc000 r-xp 00000000 08:05 1970301                    /usr/lib/jvm/java-7-oracle/jre/lib/amd64/jli/libjli.so
7f1dfafdc000-7f1dfb1dc000 ---p 00016000 08:05 1970301                    /usr/lib/jvm/java-7-oracle/jre/lib/amd64/jli/libjli.so
7f1dfb1dc000-7f1dfb1dd000 rw-p 00016000 08:05 1970301                    /usr/lib/jvm/java-7-oracle/jre/lib/amd64/jli/libjli.so
7f1dfb1dd000-7f1dfb1f5000 r-xp 00000000 08:05 400660                     /lib/x86_64-linux-gnu/libpthread-2.17.so
7f1dfb1f5000-7f1dfb3f4000 ---p 00018000 08:05 400660                     /lib/x86_64-linux-gnu/libpthread-2.17.so
7f1dfb3f4000-7f1dfb3f5000 r--p 00017000 08:05 400660                     /lib/x86_64-linux-gnu/libpthread-2.17.so
7f1dfb3f5000-7f1dfb3f6000 rw-p 00018000 08:05 400660                     /lib/x86_64-linux-gnu/libpthread-2.17.so
7f1dfb3f6000-7f1dfb3fa000 rw-p 00000000 00:00 0 
7f1dfb3fa000-7f1dfb41d000 r-xp 00000000 08:05 400445                     /lib/x86_64-linux-gnu/ld-2.17.so
7f1dfb41d000-7f1dfb41f000 r--s 00004000 08:06 15602843                   /home/jaha/workspace/GravityShip-desktop/libs/gdx-controllers-desktop.jar
7f1dfb41f000-7f1dfb433000 r--s 0014d000 08:06 15602314                   /home/jaha/workspace/GravityShip-desktop/libs/gdx-backend-lwjgl.jar
7f1dfb433000-7f1dfb43d000 rw-p 00000000 00:00 0 
7f1dfb43d000-7f1dfb4f3000 rw-p 00000000 00:00 0 
7f1dfb4f3000-7f1dfb4f6000 ---p 00000000 00:00 0 
7f1dfb4f6000-7f1dfb5f8000 rw-p 00000000 00:00 0                          [stack:21466]
7f1dfb5f8000-7f1dfb5f9000 rwxp 00000000 00:00 0 
7f1dfb5f9000-7f1dfb5fa000 r--s 00102000 08:06 15602858                   /home/jaha/workspace/GravityShip-desktop/libs/gdx-controllers-desktop-natives.jar
7f1dfb5fa000-7f1dfb5fb000 r--s 0011b000 08:06 15602308                   /home/jaha/workspace/GravityShip-desktop/libs/gdx-natives.jar
7f1dfb5fb000-7f1dfb5fc000 r--s 00162000 08:06 15602316                   /home/jaha/workspace/GravityShip-desktop/libs/gdx-backend-lwjgl-natives.jar
7f1dfb5fc000-7f1dfb5fd000 r--s 00002000 08:06 15602500                   /home/jaha/workspace/GravityShip/libs/gdx-controllers.jar
7f1dfb5fd000-7f1dfb60f000 r--s 0010a000 08:06 15601673                   /home/jaha/workspace/GravityShip/libs/gdx.jar
7f1dfb60f000-7f1dfb610000 r--s 00001000 08:06 15601662                   /home/jaha/workspace/GravityShip/libs/bodyeditor-loader.jar
7f1dfb610000-7f1dfb618000 rw-s 00000000 08:05 1199943                    /tmp/hsperfdata_jaha/21461
7f1dfb618000-7f1dfb619000 rw-p 00000000 00:00 0 
7f1dfb619000-7f1dfb61a000 r--p 00000000 00:00 0 
7f1dfb61a000-7f1dfb61c000 rw-p 00000000 00:00 0 
7f1dfb61c000-7f1dfb61d000 r--p 00022000 08:05 400445                     /lib/x86_64-linux-gnu/ld-2.17.so
7f1dfb61d000-7f1dfb61f000 rw-p 00023000 08:05 400445                     /lib/x86_64-linux-gnu/ld-2.17.so
7fff797e8000-7fff79809000 rw-p 00000000 00:00 0                          [stack]
7fff79972000-7fff79974000 r-xp 00000000 00:00 0                          [vdso]
ffffffffff600000-ffffffffff601000 r-xp 00000000 00:00 0                  [vsyscall]

VM Arguments:
jvm_args: -Dfile.encoding=UTF-8 
java_command: com.hajnar.GravityShip.Main 1200 700 false flase
Launcher Type: SUN_STANDARD

Environment Variables:
PATH=/usr/lib/lightdm/lightdm:/usr/local/sbin:/usr/local/bin:/usr/sbin:/usr/bin:/sbin:/bin:/usr/games:/usr/local/games
SHELL=/bin/bash
DISPLAY=:0

Signal Handlers:
SIGSEGV: [libjvm.so+0x8a80e0], sa_mask[0]=0x7ffbfeff, sa_flags=0x10000004
SIGBUS: [libjvm.so+0x8a80e0], sa_mask[0]=0x7ffbfeff, sa_flags=0x10000004
SIGFPE: [libjvm.so+0x744170], sa_mask[0]=0x7ffbfeff, sa_flags=0x10000004
SIGPIPE: [libjvm.so+0x744170], sa_mask[0]=0x7ffbfeff, sa_flags=0x10000004
SIGXFSZ: [libjvm.so+0x744170], sa_mask[0]=0x7ffbfeff, sa_flags=0x10000004
SIGILL: [libjvm.so+0x744170], sa_mask[0]=0x7ffbfeff, sa_flags=0x10000004
SIGUSR1: SIG_DFL, sa_mask[0]=0x00000000, sa_flags=0x00000000
SIGUSR2: [libjvm.so+0x743ac0], sa_mask[0]=0x00000004, sa_flags=0x10000004
SIGHUP: [libjvm.so+0x745e50], sa_mask[0]=0x7ffbfeff, sa_flags=0x10000004
SIGINT: [libjvm.so+0x745e50], sa_mask[0]=0x7ffbfeff, sa_flags=0x10000004
SIGTERM: [libjvm.so+0x745e50], sa_mask[0]=0x7ffbfeff, sa_flags=0x10000004
SIGQUIT: [libjvm.so+0x745e50], sa_mask[0]=0x7ffbfeff, sa_flags=0x10000004


---------------  S Y S T E M  ---------------

OS:wheezy/sid

uname:Linux 3.8.0-19-lowlatency #13-Ubuntu SMP PREEMPT Thu Apr 18 09:41:59 UTC 2013 x86_64
libc:glibc 2.17 NPTL 2.17 
rlimit: STACK 8192k, CORE 0k, NPROC 27107, NOFILE 4096, AS infinity
load average:0,65 0,53 0,52

/proc/meminfo:
MemTotal:        3488684 kB
MemFree:          362908 kB
Buffers:           40724 kB
Cached:           983836 kB
SwapCached:        34960 kB
Active:          2000248 kB
Inactive:         907100 kB
Active(anon):    1699724 kB
Inactive(anon):   579616 kB
Active(file):     300524 kB
Inactive(file):   327484 kB
Unevictable:        2172 kB
Mlocked:            2172 kB
SwapTotal:       4548604 kB
SwapFree:        4454068 kB
Dirty:               368 kB
Writeback:             0 kB
AnonPages:       1852756 kB
Mapped:           201064 kB
Shmem:            396552 kB
Slab:             103580 kB
SReclaimable:      65184 kB
SUnreclaim:        38396 kB
KernelStack:        5552 kB
PageTables:        48676 kB
NFS_Unstable:          0 kB
Bounce:                0 kB
WritebackTmp:          0 kB
CommitLimit:     6292944 kB
Committed_AS:    6577916 kB
VmallocTotal:   34359738367 kB
VmallocUsed:      352724 kB
VmallocChunk:   34359381040 kB
HardwareCorrupted:     0 kB
AnonHugePages:         0 kB
HugePages_Total:       0
HugePages_Free:        0
HugePages_Rsvd:        0
HugePages_Surp:        0
Hugepagesize:       2048 kB
DirectMap4k:      140352 kB
DirectMap2M:     3487744 kB


CPU:total 4 (2 cores per cpu, 2 threads per core) family 6 model 58 stepping 9, cmov, cx8, fxsr, mmx, sse, sse2, sse3, ssse3, sse4.1, sse4.2, popcnt, avx, ht, tsc, tscinvbit, tscinv

/proc/cpuinfo:
processor	: 0
vendor_id	: GenuineIntel
cpu family	: 6
model		: 58
model name	: Intel(R) Core(TM) i5-3210M CPU @ 2.50GHz
stepping	: 9
microcode	: 0x12
cpu MHz		: 1200.000
cache size	: 3072 KB
physical id	: 0
siblings	: 4
core id		: 0
cpu cores	: 2
apicid		: 0
initial apicid	: 0
fpu		: yes
fpu_exception	: yes
cpuid level	: 13
wp		: yes
flags		: fpu vme de pse tsc msr pae mce cx8 apic sep mtrr pge mca cmov pat pse36 clflush dts acpi mmx fxsr sse sse2 ss ht tm pbe syscall nx rdtscp lm constant_tsc arch_perfmon pebs bts rep_good nopl xtopology nonstop_tsc aperfmperf eagerfpu pni pclmulqdq dtes64 monitor ds_cpl vmx est tm2 ssse3 cx16 xtpr pdcm pcid sse4_1 sse4_2 x2apic popcnt tsc_deadline_timer aes xsave avx f16c rdrand lahf_lm ida arat epb xsaveopt pln pts dtherm tpr_shadow vnmi flexpriority ept vpid fsgsbase smep erms
bogomips	: 4988.80
clflush size	: 64
cache_alignment	: 64
address sizes	: 36 bits physical, 48 bits virtual
power management:

processor	: 1
vendor_id	: GenuineIntel
cpu family	: 6
model		: 58
model name	: Intel(R) Core(TM) i5-3210M CPU @ 2.50GHz
stepping	: 9
microcode	: 0x12
cpu MHz		: 1200.000
cache size	: 3072 KB
physical id	: 0
siblings	: 4
core id		: 0
cpu cores	: 2
apicid		: 1
initial apicid	: 1
fpu		: yes
fpu_exception	: yes
cpuid level	: 13
wp		: yes
flags		: fpu vme de pse tsc msr pae mce cx8 apic sep mtrr pge mca cmov pat pse36 clflush dts acpi mmx fxsr sse sse2 ss ht tm pbe syscall nx rdtscp lm constant_tsc arch_perfmon pebs bts rep_good nopl xtopology nonstop_tsc aperfmperf eagerfpu pni pclmulqdq dtes64 monitor ds_cpl vmx est tm2 ssse3 cx16 xtpr pdcm pcid sse4_1 sse4_2 x2apic popcnt tsc_deadline_timer aes xsave avx f16c rdrand lahf_lm ida arat epb xsaveopt pln pts dtherm tpr_shadow vnmi flexpriority ept vpid fsgsbase smep erms
bogomips	: 4988.80
clflush size	: 64
cache_alignment	: 64
address sizes	: 36 bits physical, 48 bits virtual
power management:

processor	: 2
vendor_id	: GenuineIntel
cpu family	: 6
model		: 58
model name	: Intel(R) Core(TM) i5-3210M CPU @ 2.50GHz
stepping	: 9
microcode	: 0x12
cpu MHz		: 1200.000
cache size	: 3072 KB
physical id	: 0
siblings	: 4
core id		: 1
cpu cores	: 2
apicid		: 2
initial apicid	: 2
fpu		: yes
fpu_exception	: yes
cpuid level	: 13
wp		: yes
flags		: fpu vme de pse tsc msr pae mce cx8 apic sep mtrr pge mca cmov pat pse36 clflush dts acpi mmx fxsr sse sse2 ss ht tm pbe syscall nx rdtscp lm constant_tsc arch_perfmon pebs bts rep_good nopl xtopology nonstop_tsc aperfmperf eagerfpu pni pclmulqdq dtes64 monitor ds_cpl vmx est tm2 ssse3 cx16 xtpr pdcm pcid sse4_1 sse4_2 x2apic popcnt tsc_deadline_timer aes xsave avx f16c rdrand lahf_lm ida arat epb xsaveopt pln pts dtherm tpr_shadow vnmi flexpriority ept vpid fsgsbase smep erms
bogomips	: 4988.80
clflush size	: 64
cache_alignment	: 64
address sizes	: 36 bits physical, 48 bits virtual
power management:

processor	: 3
vendor_id	: GenuineIntel
cpu family	: 6
model		: 58
model name	: Intel(R) Core(TM) i5-3210M CPU @ 2.50GHz
stepping	: 9
microcode	: 0x12
cpu MHz		: 2501.000
cache size	: 3072 KB
physical id	: 0
siblings	: 4
core id		: 1
cpu cores	: 2
apicid		: 3
initial apicid	: 3
fpu		: yes
fpu_exception	: yes
cpuid level	: 13
wp		: yes
flags		: fpu vme de pse tsc msr pae mce cx8 apic sep mtrr pge mca cmov pat pse36 clflush dts acpi mmx fxsr sse sse2 ss ht tm pbe syscall nx rdtscp lm constant_tsc arch_perfmon pebs bts rep_good nopl xtopology nonstop_tsc aperfmperf eagerfpu pni pclmulqdq dtes64 monitor ds_cpl vmx est tm2 ssse3 cx16 xtpr pdcm pcid sse4_1 sse4_2 x2apic popcnt tsc_deadline_timer aes xsave avx f16c rdrand lahf_lm ida arat epb xsaveopt pln pts dtherm tpr_shadow vnmi flexpriority ept vpid fsgsbase smep erms
bogomips	: 4988.80
clflush size	: 64
cache_alignment	: 64
address sizes	: 36 bits physical, 48 bits virtual
power management:



Memory: 4k page, physical 3488684k(362908k free), swap 4548604k(4454068k free)

vm_info: Java HotSpot(TM) 64-Bit Server VM (23.21-b01) for linux-amd64 JRE (1.7.0_21-b11), built on Apr  4 2013 04:03:29 by "java_re" with gcc 4.3.0 20080428 (Red Hat 4.3.0-8)

time: Sat Apr 27 19:28:02 2013
elapsed time: 9 seconds

